#
# A fatal error has been detected by the Java Runtime Environment:
#
#  EXCEPTION_ACCESS_VIOLATION (0xc0000005) at pc=0x00007ffd7f8ccb72, pid=8884, tid=11080
#
# JRE version: OpenJDK Runtime Environment Temurin-17.0.5+8 (17.0.5+8) (build 17.0.5+8)
# Java VM: OpenJDK 64-Bit Server VM Temurin-17.0.5+8 (17.0.5+8, mixed mode, tiered, compressed oops, compressed class ptrs, parallel gc, windows-amd64)
# Problematic frame:
# V  [jvm.dll+0x1bcb72]
#
# No core dump will be written. Minidumps are not enabled by default on client versions of Windows
#
# If you would like to submit a bug report, please visit:
#   https://github.com/adoptium/adoptium-support/issues
#

---------------  S U M M A R Y ------------

Command Line: --add-modules=ALL-SYSTEM --add-opens=java.base/java.util=ALL-UNNAMED --add-opens=java.base/java.lang=ALL-UNNAMED --add-opens=java.base/sun.nio.fs=ALL-UNNAMED -Declipse.application=org.eclipse.jdt.ls.core.id1 -Dosgi.bundles.defaultStartLevel=4 -Declipse.product=org.eclipse.jdt.ls.core.product -Djava.import.generatesMetadataFilesAtProjectRoot=false -Dfile.encoding=utf8 -XX:+UseParallelGC -XX:GCTimeRatio=4 -XX:AdaptiveSizePolicyWeight=90 -Dsun.zip.disableMemoryMapping=true -Xmx1G -Xms100m -Xlog:disable -javaagent:c:\Users\Lenovo\.vscode\extensions\redhat.java-1.14.0-win32-x64\lombok\lombok-1.18.24.jar -XX:+HeapDumpOnOutOfMemoryError -XX:HeapDumpPath=c:\Users\Lenovo\AppData\Roaming\Code\User\workspaceStorage\b3b50248c85afcd3abc98b7490b45f12\redhat.java c:\Users\Lenovo\.vscode\extensions\redhat.java-1.14.0-win32-x64\server\plugins\org.eclipse.equinox.launcher_1.6.400.v20210924-0641.jar -configuration c:\Users\Lenovo\AppData\Roaming\Code\User\globalStorage\redhat.java\1.14.0\config_win -data c:\Users\Lenovo\AppData\Roaming\Code\User\workspaceStorage\b3b50248c85afcd3abc98b7490b45f12\redhat.java\jdt_ws

Host: Intel(R) Core(TM) i3-2120 CPU @ 3.30GHz, 4 cores, 7G,  Windows 10 , 64 bit Build 19041 (10.0.19041.2364)
Time: Thu Feb  9 16:59:48 2023 India Standard Time elapsed time: 19.220312 seconds (0d 0h 0m 19s)

---------------  T H R E A D  ---------------

Current thread (0x000001ce7871e860):  JavaThread "C2 CompilerThread1" daemon [_thread_in_native, id=11080, stack(0x0000002538c00000,0x0000002538d00000)]


Current CompileTask:
C2:  19220 9773       4       org.eclipse.jdt.internal.compiler.lookup.BinaryTypeBinding::scanMethodForNullAnnotation (951 bytes)

Stack: [0x0000002538c00000,0x0000002538d00000],  sp=0x0000002538cfb9f0,  free space=1006k
Native frames: (J=compiled Java code, j=interpreted, Vv=VM code, C=native code)
V  [jvm.dll+0x1bcb72]
V  [jvm.dll+0x1bb412]
V  [jvm.dll+0x217ca9]
V  [jvm.dll+0x216f71]
V  [jvm.dll+0x1a343d]
V  [jvm.dll+0x22698a]
V  [jvm.dll+0x224ac5]
V  [jvm.dll+0x7e727b]
V  [jvm.dll+0x7e17ea]
V  [jvm.dll+0x6759e5]
C  [ucrtbase.dll+0x21bb2]
C  [KERNEL32.DLL+0x17614]
C  [ntdll.dll+0x526a1]


siginfo: EXCEPTION_ACCESS_VIOLATION (0xc0000005), reading address 0x000001ce9b8d49b8


Register to memory mapping:

RIP=0x00007ffd7f8ccb72 jvm.dll
RAX=0x0000000008002182 is an unknown value
RBX=0x0000002538cfbee0 is pointing into the stack for thread: 0x000001ce7871e860
RCX=0x0000000000002182 is an unknown value
RDX=0x000001ce7b8d49b8 points into unknown readable memory: 0x0000218308002182 | 82 21 00 08 83 21 00 00
RSP=0x0000002538cfb9f0 is pointing into the stack for thread: 0x000001ce7871e860
RBP=0x0000002538cfbb80 is pointing into the stack for thread: 0x000001ce7871e860
RSI=0x000000000000217e is an unknown value
RDI=0x0000002538cfbee0 is pointing into the stack for thread: 0x000001ce7871e860
R8 =0x000001ce7b8cc3b0 points into unknown readable memory: 0x0000000100000000 | 00 00 00 00 01 00 00 00
R9 =0x0 is NULL
R10=0x0 is NULL
R11=0x0000000000000246 is an unknown value
R12=0x00000000000003d8 is an unknown value
R13=0x000001ce76210420 points into unknown readable memory: 0x0000000000000000 | 00 00 00 00 00 00 00 00
R14=0x000001ce780a1b30 points into unknown readable memory: 0x0000002500000200 | 00 02 00 00 25 00 00 00
R15=0x000001ce780a1b20 points into unknown readable memory: 0x000001ce025fb040 | 40 b0 5f 02 ce 01 00 00


Registers:
RAX=0x0000000008002182, RBX=0x0000002538cfbee0, RCX=0x0000000000002182, RDX=0x000001ce7b8d49b8
RSP=0x0000002538cfb9f0, RBP=0x0000002538cfbb80, RSI=0x000000000000217e, RDI=0x0000002538cfbee0
R8 =0x000001ce7b8cc3b0, R9 =0x0000000000000000, R10=0x0000000000000000, R11=0x0000000000000246
R12=0x00000000000003d8, R13=0x000001ce76210420, R14=0x000001ce780a1b30, R15=0x000001ce780a1b20
RIP=0x00007ffd7f8ccb72, EFLAGS=0x0000000000010206

Top of Stack: (sp=0x0000002538cfb9f0)
0x0000002538cfb9f0:   0000002538cfbee0 0000000000000000
0x0000002538cfba00:   0000000000000000 0000000000000000
0x0000002538cfba10:   0000000000000000 0000000000000000
0x0000002538cfba20:   0000000000000000 0000000000000000
0x0000002538cfba30:   0000000000000000 00007ffd8003c8d8
0x0000002538cfba40:   0000000000000000 0000000000000000
0x0000002538cfba50:   0000000000000000 00007ffd8003c8d8
0x0000002538cfba60:   0000002538cfbe00 0000002538cfbfc0
0x0000002538cfba70:   000001ce780a1b30 00007ffd7f8cb412
0x0000002538cfba80:   0000002538cfbee0 0000002538cfbfc0
0x0000002538cfba90:   0000002538cfe830 0000000000000003
0x0000002538cfbaa0:   0000000000000000 0000002538cfbb60
0x0000002538cfbab0:   0000000000000006 000001ce780a1b20
0x0000002538cfbac0:   000001ce7ed3aae0 000001ce7ed3da98
0x0000002538cfbad0:   000001ce7ed42ac8 0000000000b38be0
0x0000002538cfbae0:   0000000000000000 0000000000000000 

Instructions: (pc=0x00007ffd7f8ccb72)
0x00007ffd7f8cca72:   4b 10 41 8b d5 e8 d4 79 49 00 ff 43 28 41 ff c5
0x00007ffd7f8cca82:   48 8b 5c 24 70 8b 6e 28 48 8b 5b 48 3b 6b 68 72
0x00007ffd7f8cca92:   0b 8b d5 48 8d 4b 68 e8 72 2d f6 ff 48 8b 43 78
0x00007ffd7f8ccaa2:   48 8b d6 48 8b 5c 24 78 48 89 1c e8 48 8b 84 24
0x00007ffd7f8ccab2:   98 00 00 00 44 8b 00 41 8d 48 01 89 08 48 8b 4c
0x00007ffd7f8ccac2:   24 70 e8 d7 17 00 00 4c 8b 8c 24 88 00 00 00 48
0x00007ffd7f8ccad2:   8b 6c 24 20 49 83 c6 08 49 83 ec 01 0f 85 ec fe
0x00007ffd7f8ccae2:   ff ff 4c 8b 74 24 30 4c 8b 64 24 38 48 8b 7c 24
0x00007ffd7f8ccaf2:   40 48 8b 74 24 48 48 8b ac 24 80 00 00 00 41 8b
0x00007ffd7f8ccb02:   c7 48 83 c4 50 41 5f 41 5d 5b c3 cc cc cc 48 89
0x00007ffd7f8ccb12:   5c 24 08 48 89 74 24 10 48 89 7c 24 18 41 56 48
0x00007ffd7f8ccb22:   81 ec 80 00 00 00 48 8b f9 4c 8d 05 f6 3d 9c 00
0x00007ffd7f8ccb32:   48 8d 4c 24 20 48 8d 15 9a fd 76 00 e8 cd a8 05
0x00007ffd7f8ccb42:   00 be 01 00 00 00 8b ce 39 8f e0 00 00 00 76 30
0x00007ffd7f8ccb52:   4c 8b 87 f0 00 00 00 48 63 c1 49 8d 14 80 49 63
0x00007ffd7f8ccb62:   04 80 85 c0 74 10 3b c1 75 06 8b c6 ff c6 eb 04
0x00007ffd7f8ccb72:   41 8b 04 80 89 02 ff c1 3b 8f e0 00 00 00 72 d0
0x00007ffd7f8ccb82:   44 8b 8f 00 01 00 00 33 db 44 8b c3 45 85 c9 74
0x00007ffd7f8ccb92:   25 48 8b 87 08 01 00 00 49 63 c8 41 ff c0 48 8d
0x00007ffd7f8ccba2:   14 88 48 8b 87 f0 00 00 00 48 63 0a 8b 0c 88 89
0x00007ffd7f8ccbb2:   0a 45 3b c1 72 db 4c 8d b7 e8 00 00 00 89 b7 e0
0x00007ffd7f8ccbc2:   00 00 00 41 8b 06 3b f0 7c 39 41 3b 76 04 7c 0d
0x00007ffd7f8ccbd2:   8b d6 49 8b ce e8 b4 c4 ef ff 41 8b 06 48 63 c8
0x00007ffd7f8ccbe2:   48 63 d6 48 3b ca 7d 15 66 0f 1f 44 00 00 49 8b
0x00007ffd7f8ccbf2:   46 08 89 1c 88 48 ff c1 48 3b ca 7c f1 8d 46 01
0x00007ffd7f8ccc02:   41 89 06 49 8b 46 08 48 63 ce 89 1c 88 39 9f e0
0x00007ffd7f8ccc12:   00 00 00 76 20 66 0f 1f 84 00 00 00 00 00 48 8b
0x00007ffd7f8ccc22:   87 f0 00 00 00 48 63 cb 89 1c 88 ff c3 3b 9f e0
0x00007ffd7f8ccc32:   00 00 00 72 e9 48 8d 4c 24 20 e8 8f a9 05 00 4c
0x00007ffd7f8ccc42:   8d 9c 24 80 00 00 00 49 8b 5b 10 49 8b 73 18 49
0x00007ffd7f8ccc52:   8b 7b 20 49 8b e3 41 5e c3 cc cc cc cc cc 40 56
0x00007ffd7f8ccc62:   8b 71 20 45 33 db 4c 8b d1 85 f6 0f 84 80 00 00 


Stack slot to memory mapping:
stack at sp + 0 slots: 0x0000002538cfbee0 is pointing into the stack for thread: 0x000001ce7871e860
stack at sp + 1 slots: 0x0 is NULL
stack at sp + 2 slots: 0x0 is NULL
stack at sp + 3 slots: 0x0 is NULL
stack at sp + 4 slots: 0x0 is NULL
stack at sp + 5 slots: 0x0 is NULL
stack at sp + 6 slots: 0x0 is NULL
stack at sp + 7 slots: 0x0 is NULL


---------------  P R O C E S S  ---------------

Threads class SMR info:
_java_thread_list=0x000001ce7eed4440, length=32, elements={
0x000001ce624ff060, 0x000001ce7631c750, 0x000001ce7631e7c0, 0x000001ce76346150,
0x000001ce76346d00, 0x000001ce76349e60, 0x000001ce763544d0, 0x000001ce76355260,
0x000001ce76355d00, 0x000001ce7635eec0, 0x000001ce625ba6e0, 0x000001ce77f87040,
0x000001ce7829abd0, 0x000001ce794f2dc0, 0x000001ce794f83d0, 0x000001ce794e3250,
0x000001ce7956f3f0, 0x000001ce7956fd90, 0x000001ce7956ef20, 0x000001ce79570260,
0x000001ce79570730, 0x000001ce7956e0b0, 0x000001ce7956f8c0, 0x000001ce79570c00,
0x000001ce7b104430, 0x000001ce7b101db0, 0x000001ce7871e860, 0x000001ce7b106110,
0x000001ce7b107920, 0x000001ce7b1035c0, 0x000001ce7b107450, 0x000001ce7b103a90
}

Java Threads: ( => current thread )
  0x000001ce624ff060 JavaThread "main" [_thread_blocked, id=9692, stack(0x0000002537500000,0x0000002537600000)]
  0x000001ce7631c750 JavaThread "Reference Handler" daemon [_thread_blocked, id=4752, stack(0x0000002537800000,0x0000002537900000)]
  0x000001ce7631e7c0 JavaThread "Finalizer" daemon [_thread_blocked, id=5608, stack(0x0000002537900000,0x0000002537a00000)]
  0x000001ce76346150 JavaThread "Signal Dispatcher" daemon [_thread_blocked, id=10620, stack(0x0000002537a00000,0x0000002537b00000)]
  0x000001ce76346d00 JavaThread "Attach Listener" daemon [_thread_blocked, id=6864, stack(0x0000002537b00000,0x0000002537c00000)]
  0x000001ce76349e60 JavaThread "Service Thread" daemon [_thread_blocked, id=10564, stack(0x0000002537c00000,0x0000002537d00000)]
  0x000001ce763544d0 JavaThread "Monitor Deflation Thread" daemon [_thread_blocked, id=3356, stack(0x0000002537d00000,0x0000002537e00000)]
  0x000001ce76355260 JavaThread "C2 CompilerThread0" daemon [_thread_in_native, id=10208, stack(0x0000002537e00000,0x0000002537f00000)]
  0x000001ce76355d00 JavaThread "C1 CompilerThread0" daemon [_thread_blocked, id=9128, stack(0x0000002537f00000,0x0000002538000000)]
  0x000001ce7635eec0 JavaThread "Sweeper thread" daemon [_thread_blocked, id=6204, stack(0x0000002538000000,0x0000002538100000)]
  0x000001ce625ba6e0 JavaThread "Common-Cleaner" daemon [_thread_blocked, id=1372, stack(0x0000002538100000,0x0000002538200000)]
  0x000001ce77f87040 JavaThread "Notification Thread" daemon [_thread_blocked, id=5256, stack(0x0000002538200000,0x0000002538300000)]
  0x000001ce7829abd0 JavaThread "Active Thread: Equinox Container: 540e8835-d884-4d58-a582-a6e066dc7a43" [_thread_blocked, id=5864, stack(0x0000002538800000,0x0000002538900000)]
  0x000001ce794f2dc0 JavaThread "Framework Event Dispatcher: Equinox Container: 540e8835-d884-4d58-a582-a6e066dc7a43" daemon [_thread_blocked, id=11008, stack(0x0000002538900000,0x0000002538a00000)]
  0x000001ce794f83d0 JavaThread "Start Level: Equinox Container: 540e8835-d884-4d58-a582-a6e066dc7a43" daemon [_thread_blocked, id=2480, stack(0x0000002538a00000,0x0000002538b00000)]
  0x000001ce794e3250 JavaThread "SCR Component Actor" daemon [_thread_blocked, id=9468, stack(0x0000002538b00000,0x0000002538c00000)]
  0x000001ce7956f3f0 JavaThread "Worker-JM" [_thread_blocked, id=10260, stack(0x0000002538400000,0x0000002538500000)]
  0x000001ce7956fd90 JavaThread "Worker-0" [_thread_blocked, id=9936, stack(0x0000002538d00000,0x0000002538e00000)]
  0x000001ce7956ef20 JavaThread "Worker-1" [_thread_blocked, id=10636, stack(0x0000002538e00000,0x0000002538f00000)]
  0x000001ce79570260 JavaThread "Worker-2" [_thread_blocked, id=7356, stack(0x0000002539000000,0x0000002539100000)]
  0x000001ce79570730 JavaThread "Java indexing" daemon [_thread_blocked, id=4728, stack(0x0000002539100000,0x0000002539200000)]
  0x000001ce7956e0b0 JavaThread "JNA Cleaner" daemon [_thread_blocked, id=10028, stack(0x0000002539200000,0x0000002539300000)]
  0x000001ce7956f8c0 JavaThread "pool-2-thread-1" [_thread_blocked, id=6492, stack(0x0000002539500000,0x0000002539600000)]
  0x000001ce79570c00 JavaThread "pool-1-thread-1" [_thread_blocked, id=1000, stack(0x0000002539600000,0x0000002539700000)]
  0x000001ce7b104430 JavaThread "Worker-3" [_thread_blocked, id=4592, stack(0x0000002539700000,0x0000002539800000)]
  0x000001ce7b101db0 JavaThread "ForkJoinPool.commonPool-worker-1" daemon [_thread_blocked, id=9124, stack(0x0000002539800000,0x0000002539900000)]
=>0x000001ce7871e860 JavaThread "C2 CompilerThread1" daemon [_thread_in_native, id=11080, stack(0x0000002538c00000,0x0000002538d00000)]
  0x000001ce7b106110 JavaThread "ForkJoinPool.commonPool-worker-2" daemon [_thread_in_native, id=8472, stack(0x0000002538f00000,0x0000002539000000)]
  0x000001ce7b107920 JavaThread "ForkJoinPool.commonPool-worker-3" daemon [_thread_in_native, id=400, stack(0x0000002539900000,0x0000002539a00000)]
  0x000001ce7b1035c0 JavaThread "Worker-4" [_thread_blocked, id=1264, stack(0x0000002539a00000,0x0000002539b00000)]
  0x000001ce7b107450 JavaThread "Bundle File Closer" daemon [_thread_blocked, id=8800, stack(0x0000002539b00000,0x0000002539c00000)]
  0x000001ce7b103a90 JavaThread "SCR Component Registry" daemon [_thread_blocked, id=1412, stack(0x0000002539c00000,0x0000002539d00000)]

Other Threads:
  0x000001ce625cecc0 VMThread "VM Thread" [stack: 0x0000002537700000,0x0000002537800000] [id=2164]
  0x000001ce77f87510 WatcherThread [stack: 0x0000002538300000,0x0000002538400000] [id=4936]
  0x000001ce625131b0 GCTaskThread "GC Thread#0" [stack: 0x0000002537600000,0x0000002537700000] [id=7032]
  0x000001ce7835a3a0 GCTaskThread "GC Thread#1" [stack: 0x0000002538500000,0x0000002538600000] [id=10144]
  0x000001ce78359630 GCTaskThread "GC Thread#2" [stack: 0x0000002538600000,0x0000002538700000] [id=2788]
  0x000001ce7835a0f0 GCTaskThread "GC Thread#3" [stack: 0x0000002538700000,0x0000002538800000] [id=3388]

Threads with active compile tasks:
C2 CompilerThread0    19284 9655       4       org.eclipse.jdt.internal.compiler.lookup.LookupEnvironment::getTypeFromTypeSignature (770 bytes)
C2 CompilerThread1    19284 9773       4       org.eclipse.jdt.internal.compiler.lookup.BinaryTypeBinding::scanMethodForNullAnnotation (951 bytes)

VM state: not at safepoint (normal execution)

VM Mutex/Monitor currently owned by a thread: None

Heap address: 0x00000000c0000000, size: 1024 MB, Compressed Oops mode: 32-bit

CDS archive(s) not mapped
Compressed class space mapped at: 0x0000000100000000-0x0000000140000000, reserved size: 1073741824
Narrow klass base: 0x0000000000000000, Narrow klass shift: 3, Narrow klass range: 0x140000000

GC Precious Log:
 CPUs: 4 total, 4 available
 Memory: 7992M
 Large Page Support: Disabled
 NUMA Support: Disabled
 Compressed Oops: Enabled (32-bit)
 Alignments: Space 512K, Generation 512K, Heap 2M
 Heap Min Capacity: 100M
 Heap Initial Capacity: 100M
 Heap Max Capacity: 1G
 Pre-touch: Disabled
 Parallel Workers: 4

Heap:
 PSYoungGen      total 10752K, used 4296K [0x00000000eab00000, 0x00000000ec980000, 0x0000000100000000)
  eden space 8704K, 26% used [0x00000000eab00000,0x00000000ead39788,0x00000000eb380000)
  from space 2048K, 98% used [0x00000000ebb80000,0x00000000ebd788a0,0x00000000ebd80000)
  to   space 8192K, 0% used [0x00000000eb380000,0x00000000eb380000,0x00000000ebb80000)
 ParOldGen       total 71168K, used 55806K [0x00000000c0000000, 0x00000000c4580000, 0x00000000eab00000)
  object space 71168K, 78% used [0x00000000c0000000,0x00000000c367fac0,0x00000000c4580000)
 Metaspace       used 68815K, committed 70016K, reserved 1114112K
  class space    used 7101K, committed 7680K, reserved 1048576K

Card table byte_map: [0x000001ce61eb0000,0x000001ce620c0000] _byte_map_base: 0x000001ce618b0000

Marking Bits: (ParMarkBitMap*) 0x00007ffd80290dd0
 Begin Bits: [0x000001ce74190000, 0x000001ce75190000)
 End Bits:   [0x000001ce75190000, 0x000001ce76190000)

Polling page: 0x000001ce604a0000

Metaspace:

Usage:
  Non-class:     60.27 MB used.
      Class:      6.93 MB used.
       Both:     67.20 MB used.

Virtual space:
  Non-class space:       64.00 MB reserved,      60.88 MB ( 95%) committed,  8 nodes.
      Class space:        1.00 GB reserved,       7.50 MB ( <1%) committed,  1 nodes.
             Both:        1.06 GB reserved,      68.38 MB (  6%) committed. 

Chunk freelists:
   Non-Class:  2.75 MB
       Class:  496.00 KB
        Both:  3.23 MB

MaxMetaspaceSize: unlimited
CompressedClassSpaceSize: 1.00 GB
Initial GC threshold: 21.00 MB
Current GC threshold: 104.38 MB
CDS: off
MetaspaceReclaimPolicy: balanced
 - commit_granule_bytes: 65536.
 - commit_granule_words: 8192.
 - virtual_space_node_default_size: 1048576.
 - enlarge_chunks_in_place: 1.
 - new_chunks_are_fully_committed: 0.
 - uncommit_free_chunks: 1.
 - use_allocation_guard: 0.
 - handle_deallocations: 1.


Internal statistics:

num_allocs_failed_limit: 9.
num_arena_births: 762.
num_arena_deaths: 14.
num_vsnodes_births: 9.
num_vsnodes_deaths: 0.
num_space_committed: 1094.
num_space_uncommitted: 0.
num_chunks_returned_to_freelist: 23.
num_chunks_taken_from_freelist: 3638.
num_chunk_merges: 10.
num_chunk_splits: 2240.
num_chunks_enlarged: 1237.
num_purges: 2.
num_inconsistent_stats: 0.

CodeHeap 'non-profiled nmethods': size=120000Kb used=4563Kb max_used=4563Kb free=115436Kb
 bounds [0x000001ce6cc60000, 0x000001ce6d0e0000, 0x000001ce74190000]
CodeHeap 'profiled nmethods': size=120000Kb used=19083Kb max_used=19083Kb free=100916Kb
 bounds [0x000001ce65730000, 0x000001ce669e0000, 0x000001ce6cc60000]
CodeHeap 'non-nmethods': size=5760Kb used=1363Kb max_used=1462Kb free=4396Kb
 bounds [0x000001ce65190000, 0x000001ce65400000, 0x000001ce65730000]
 total_blobs=9390 nmethods=8678 adapters=621
 compilation: enabled
              stopped_count=0, restarted_count=0
 full_count=0

Compilation events (20 events):
Event: 19.155 Thread 0x000001ce76355d00 9982       2       org.eclipse.jdt.internal.core.search.matching.TypeDeclarationPattern::decodeIndexKey (184 bytes)
Event: 19.156 Thread 0x000001ce76355d00 nmethod 9982 0x000001ce669c7110 code [0x000001ce669c7320, 0x000001ce669c77c8]
Event: 19.156 Thread 0x000001ce76355d00 9987       2       org.eclipse.jdt.internal.core.search.JavaSearchScope::indexOf (81 bytes)
Event: 19.156 Thread 0x000001ce76355d00 nmethod 9987 0x000001ce669c7a10 code [0x000001ce669c7be0, 0x000001ce669c7ee8]
Event: 19.156 Thread 0x000001ce76355d00 9983       2       org.eclipse.jdt.internal.core.search.matching.TypeDeclarationPattern::matchesDecodedKey (179 bytes)
Event: 19.157 Thread 0x000001ce76355d00 nmethod 9983 0x000001ce669c8190 code [0x000001ce669c83a0, 0x000001ce669c8848]
Event: 19.157 Thread 0x000001ce76355d00 9984       2       org.eclipse.jdt.core.search.SearchPattern::matchesName (362 bytes)
Event: 19.158 Thread 0x000001ce76355d00 nmethod 9984 0x000001ce669c8a90 code [0x000001ce669c8d40, 0x000001ce669c9718]
Event: 19.158 Thread 0x000001ce76355d00 9985       2       org.eclipse.jdt.core.search.SearchPattern::acceptMatch (211 bytes)
Event: 19.160 Thread 0x000001ce76355d00 nmethod 9985 0x000001ce669c9b10 code [0x000001ce669c9de0, 0x000001ce669ca6c8]
Event: 19.160 Thread 0x000001ce76355d00 9986       2       org.eclipse.jdt.internal.core.search.JavaSearchScope::getAccessRuleSet (68 bytes)
Event: 19.162 Thread 0x000001ce76355d00 nmethod 9986 0x000001ce669cae10 code [0x000001ce669cafe0, 0x000001ce669cb278]
Event: 19.162 Thread 0x000001ce76355d00 9988       2       org.eclipse.jdt.internal.core.search.BasicSearchEngine$5::acceptIndexMatch (286 bytes)
Event: 19.163 Thread 0x000001ce76355d00 nmethod 9988 0x000001ce669cb490 code [0x000001ce669cb6c0, 0x000001ce669cbd78]
Event: 19.163 Thread 0x000001ce76355d00 9989       2       org.eclipse.jdt.internal.core.search.BasicSearchEngine::match (154 bytes)
Event: 19.163 Thread 0x000001ce76355d00 nmethod 9989 0x000001ce669cc110 code [0x000001ce669cc300, 0x000001ce669cc778]
Event: 19.198 Thread 0x000001ce76355d00 9990 %     3       org.eclipse.jdt.internal.core.index.DiskIndex::addQueryResults @ 623 (699 bytes)
Event: 19.201 Thread 0x000001ce76355d00 nmethod 9990% 0x000001ce669cc810 code [0x000001ce669ccc00, 0x000001ce669ced18]
Event: 19.201 Thread 0x000001ce76355d00 9991       3       org.eclipse.jdt.internal.core.index.DiskIndex::addQueryResults (699 bytes)
Event: 19.204 Thread 0x000001ce76355d00 nmethod 9991 0x000001ce669cfc10 code [0x000001ce669cffe0, 0x000001ce669d1cf8]

GC Heap History (20 events):
Event: 16.190 GC heap before
{Heap before GC invocations=58 (full 3):
 PSYoungGen      total 20992K, used 20431K [0x00000000eab00000, 0x00000000ec300000, 0x0000000100000000)
  eden space 17408K, 100% used [0x00000000eab00000,0x00000000ebc00000,0x00000000ebc00000)
  from space 3584K, 84% used [0x00000000ebf80000,0x00000000ec273d08,0x00000000ec300000)
  to   space 3584K, 0% used [0x00000000ebc00000,0x00000000ebc00000,0x00000000ebf80000)
 ParOldGen       total 68608K, used 63128K [0x00000000c0000000, 0x00000000c4300000, 0x00000000eab00000)
  object space 68608K, 92% used [0x00000000c0000000,0x00000000c3da61c0,0x00000000c4300000)
 Metaspace       used 63039K, committed 64128K, reserved 1114112K
  class space    used 6570K, committed 7040K, reserved 1048576K
}
Event: 16.197 GC heap after
{Heap after GC invocations=58 (full 3):
 PSYoungGen      total 20992K, used 3450K [0x00000000eab00000, 0x00000000ec300000, 0x0000000100000000)
  eden space 17408K, 0% used [0x00000000eab00000,0x00000000eab00000,0x00000000ebc00000)
  from space 3584K, 96% used [0x00000000ebc00000,0x00000000ebf5e900,0x00000000ebf80000)
  to   space 3584K, 0% used [0x00000000ebf80000,0x00000000ebf80000,0x00000000ec300000)
 ParOldGen       total 68608K, used 66044K [0x00000000c0000000, 0x00000000c4300000, 0x00000000eab00000)
  object space 68608K, 96% used [0x00000000c0000000,0x00000000c407f1d0,0x00000000c4300000)
 Metaspace       used 63039K, committed 64128K, reserved 1114112K
  class space    used 6570K, committed 7040K, reserved 1048576K
}
Event: 16.197 GC heap before
{Heap before GC invocations=59 (full 4):
 PSYoungGen      total 20992K, used 3450K [0x00000000eab00000, 0x00000000ec300000, 0x0000000100000000)
  eden space 17408K, 0% used [0x00000000eab00000,0x00000000eab00000,0x00000000ebc00000)
  from space 3584K, 96% used [0x00000000ebc00000,0x00000000ebf5e900,0x00000000ebf80000)
  to   space 3584K, 0% used [0x00000000ebf80000,0x00000000ebf80000,0x00000000ec300000)
 ParOldGen       total 68608K, used 66044K [0x00000000c0000000, 0x00000000c4300000, 0x00000000eab00000)
  object space 68608K, 96% used [0x00000000c0000000,0x00000000c407f1d0,0x00000000c4300000)
 Metaspace       used 63039K, committed 64128K, reserved 1114112K
  class space    used 6570K, committed 7040K, reserved 1048576K
}
Event: 16.292 GC heap after
{Heap after GC invocations=59 (full 4):
 PSYoungGen      total 20992K, used 0K [0x00000000eab00000, 0x00000000ec300000, 0x0000000100000000)
  eden space 17408K, 0% used [0x00000000eab00000,0x00000000eab00000,0x00000000ebc00000)
  from space 3584K, 0% used [0x00000000ebf80000,0x00000000ebf80000,0x00000000ec300000)
  to   space 3584K, 0% used [0x00000000ebc00000,0x00000000ebc00000,0x00000000ebf80000)
 ParOldGen       total 71168K, used 43060K [0x00000000c0000000, 0x00000000c4580000, 0x00000000eab00000)
  object space 71168K, 60% used [0x00000000c0000000,0x00000000c2a0d2d0,0x00000000c4580000)
 Metaspace       used 63039K, committed 64128K, reserved 1114112K
  class space    used 6570K, committed 7040K, reserved 1048576K
}
Event: 16.562 GC heap before
{Heap before GC invocations=60 (full 4):
 PSYoungGen      total 20992K, used 17408K [0x00000000eab00000, 0x00000000ec300000, 0x0000000100000000)
  eden space 17408K, 100% used [0x00000000eab00000,0x00000000ebc00000,0x00000000ebc00000)
  from space 3584K, 0% used [0x00000000ebf80000,0x00000000ebf80000,0x00000000ec300000)
  to   space 3584K, 0% used [0x00000000ebc00000,0x00000000ebc00000,0x00000000ebf80000)
 ParOldGen       total 71168K, used 43060K [0x00000000c0000000, 0x00000000c4580000, 0x00000000eab00000)
  object space 71168K, 60% used [0x00000000c0000000,0x00000000c2a0d2d0,0x00000000c4580000)
 Metaspace       used 63164K, committed 64256K, reserved 1114112K
  class space    used 6580K, committed 7040K, reserved 1048576K
}
Event: 16.566 GC heap after
{Heap after GC invocations=60 (full 4):
 PSYoungGen      total 19968K, used 2139K [0x00000000eab00000, 0x00000000ec200000, 0x0000000100000000)
  eden space 17408K, 0% used [0x00000000eab00000,0x00000000eab00000,0x00000000ebc00000)
  from space 2560K, 83% used [0x00000000ebc00000,0x00000000ebe16e80,0x00000000ebe80000)
  to   space 3072K, 0% used [0x00000000ebf00000,0x00000000ebf00000,0x00000000ec200000)
 ParOldGen       total 71168K, used 43068K [0x00000000c0000000, 0x00000000c4580000, 0x00000000eab00000)
  object space 71168K, 60% used [0x00000000c0000000,0x00000000c2a0f2d0,0x00000000c4580000)
 Metaspace       used 63164K, committed 64256K, reserved 1114112K
  class space    used 6580K, committed 7040K, reserved 1048576K
}
Event: 16.779 GC heap before
{Heap before GC invocations=61 (full 4):
 PSYoungGen      total 19968K, used 19547K [0x00000000eab00000, 0x00000000ec200000, 0x0000000100000000)
  eden space 17408K, 100% used [0x00000000eab00000,0x00000000ebc00000,0x00000000ebc00000)
  from space 2560K, 83% used [0x00000000ebc00000,0x00000000ebe16e80,0x00000000ebe80000)
  to   space 3072K, 0% used [0x00000000ebf00000,0x00000000ebf00000,0x00000000ec200000)
 ParOldGen       total 71168K, used 43068K [0x00000000c0000000, 0x00000000c4580000, 0x00000000eab00000)
  object space 71168K, 60% used [0x00000000c0000000,0x00000000c2a0f2d0,0x00000000c4580000)
 Metaspace       used 63415K, committed 64512K, reserved 1114112K
  class space    used 6584K, committed 7104K, reserved 1048576K
}
Event: 16.787 GC heap after
{Heap after GC invocations=61 (full 4):
 PSYoungGen      total 17920K, used 3055K [0x00000000eab00000, 0x00000000ec700000, 0x0000000100000000)
  eden space 14848K, 0% used [0x00000000eab00000,0x00000000eab00000,0x00000000eb980000)
  from space 3072K, 99% used [0x00000000ebf00000,0x00000000ec1fbc50,0x00000000ec200000)
  to   space 5632K, 0% used [0x00000000eb980000,0x00000000eb980000,0x00000000ebf00000)
 ParOldGen       total 71168K, used 45095K [0x00000000c0000000, 0x00000000c4580000, 0x00000000eab00000)
  object space 71168K, 63% used [0x00000000c0000000,0x00000000c2c09c90,0x00000000c4580000)
 Metaspace       used 63415K, committed 64512K, reserved 1114112K
  class space    used 6584K, committed 7104K, reserved 1048576K
}
Event: 17.226 GC heap before
{Heap before GC invocations=62 (full 4):
 PSYoungGen      total 17920K, used 17903K [0x00000000eab00000, 0x00000000ec700000, 0x0000000100000000)
  eden space 14848K, 100% used [0x00000000eab00000,0x00000000eb980000,0x00000000eb980000)
  from space 3072K, 99% used [0x00000000ebf00000,0x00000000ec1fbc50,0x00000000ec200000)
  to   space 5632K, 0% used [0x00000000eb980000,0x00000000eb980000,0x00000000ebf00000)
 ParOldGen       total 71168K, used 45095K [0x00000000c0000000, 0x00000000c4580000, 0x00000000eab00000)
  object space 71168K, 63% used [0x00000000c0000000,0x00000000c2c09c90,0x00000000c4580000)
 Metaspace       used 64232K, committed 65408K, reserved 1114112K
  class space    used 6675K, committed 7232K, reserved 1048576K
}
Event: 17.231 GC heap after
{Heap after GC invocations=62 (full 4):
 PSYoungGen      total 15872K, used 1015K [0x00000000eab00000, 0x00000000ebf80000, 0x0000000100000000)
  eden space 14848K, 0% used [0x00000000eab00000,0x00000000eab00000,0x00000000eb980000)
  from space 1024K, 99% used [0x00000000eb980000,0x00000000eba7df50,0x00000000eba80000)
  to   space 2560K, 0% used [0x00000000ebd00000,0x00000000ebd00000,0x00000000ebf80000)
 ParOldGen       total 71168K, used 47727K [0x00000000c0000000, 0x00000000c4580000, 0x00000000eab00000)
  object space 71168K, 67% used [0x00000000c0000000,0x00000000c2e9bf70,0x00000000c4580000)
 Metaspace       used 64232K, committed 65408K, reserved 1114112K
  class space    used 6675K, committed 7232K, reserved 1048576K
}
Event: 17.491 GC heap before
{Heap before GC invocations=63 (full 4):
 PSYoungGen      total 15872K, used 15863K [0x00000000eab00000, 0x00000000ebf80000, 0x0000000100000000)
  eden space 14848K, 100% used [0x00000000eab00000,0x00000000eb980000,0x00000000eb980000)
  from space 1024K, 99% used [0x00000000eb980000,0x00000000eba7df50,0x00000000eba80000)
  to   space 2560K, 0% used [0x00000000ebd00000,0x00000000ebd00000,0x00000000ebf80000)
 ParOldGen       total 71168K, used 47727K [0x00000000c0000000, 0x00000000c4580000, 0x00000000eab00000)
  object space 71168K, 67% used [0x00000000c0000000,0x00000000c2e9bf70,0x00000000c4580000)
 Metaspace       used 66107K, committed 67264K, reserved 1114112K
  class space    used 6815K, committed 7360K, reserved 1048576K
}
Event: 17.495 GC heap after
{Heap after GC invocations=63 (full 4):
 PSYoungGen      total 17408K, used 2164K [0x00000000eab00000, 0x00000000ebf80000, 0x0000000100000000)
  eden space 14848K, 0% used [0x00000000eab00000,0x00000000eab00000,0x00000000eb980000)
  from space 2560K, 84% used [0x00000000ebd00000,0x00000000ebf1d200,0x00000000ebf80000)
  to   space 2560K, 0% used [0x00000000eba80000,0x00000000eba80000,0x00000000ebd00000)
 ParOldGen       total 71168K, used 47735K [0x00000000c0000000, 0x00000000c4580000, 0x00000000eab00000)
  object space 71168K, 67% used [0x00000000c0000000,0x00000000c2e9df70,0x00000000c4580000)
 Metaspace       used 66107K, committed 67264K, reserved 1114112K
  class space    used 6815K, committed 7360K, reserved 1048576K
}
Event: 17.738 GC heap before
{Heap before GC invocations=64 (full 4):
 PSYoungGen      total 17408K, used 17012K [0x00000000eab00000, 0x00000000ebf80000, 0x0000000100000000)
  eden space 14848K, 100% used [0x00000000eab00000,0x00000000eb980000,0x00000000eb980000)
  from space 2560K, 84% used [0x00000000ebd00000,0x00000000ebf1d200,0x00000000ebf80000)
  to   space 2560K, 0% used [0x00000000eba80000,0x00000000eba80000,0x00000000ebd00000)
 ParOldGen       total 71168K, used 47735K [0x00000000c0000000, 0x00000000c4580000, 0x00000000eab00000)
  object space 71168K, 67% used [0x00000000c0000000,0x00000000c2e9df70,0x00000000c4580000)
 Metaspace       used 66960K, committed 68160K, reserved 1114112K
  class space    used 6902K, committed 7488K, reserved 1048576K
}
Event: 17.745 GC heap after
{Heap after GC invocations=64 (full 4):
 PSYoungGen      total 17408K, used 2358K [0x00000000eab00000, 0x00000000ebe80000, 0x0000000100000000)
  eden space 14848K, 0% used [0x00000000eab00000,0x00000000eab00000,0x00000000eb980000)
  from space 2560K, 92% used [0x00000000eba80000,0x00000000ebccda60,0x00000000ebd00000)
  to   space 1536K, 0% used [0x00000000ebd00000,0x00000000ebd00000,0x00000000ebe80000)
 ParOldGen       total 71168K, used 47743K [0x00000000c0000000, 0x00000000c4580000, 0x00000000eab00000)
  object space 71168K, 67% used [0x00000000c0000000,0x00000000c2e9ff70,0x00000000c4580000)
 Metaspace       used 66960K, committed 68160K, reserved 1114112K
  class space    used 6902K, committed 7488K, reserved 1048576K
}
Event: 18.236 GC heap before
{Heap before GC invocations=65 (full 4):
 PSYoungGen      total 17408K, used 17206K [0x00000000eab00000, 0x00000000ebe80000, 0x0000000100000000)
  eden space 14848K, 100% used [0x00000000eab00000,0x00000000eb980000,0x00000000eb980000)
  from space 2560K, 92% used [0x00000000eba80000,0x00000000ebccda60,0x00000000ebd00000)
  to   space 1536K, 0% used [0x00000000ebd00000,0x00000000ebd00000,0x00000000ebe80000)
 ParOldGen       total 71168K, used 47743K [0x00000000c0000000, 0x00000000c4580000, 0x00000000eab00000)
  object space 71168K, 67% used [0x00000000c0000000,0x00000000c2e9ff70,0x00000000c4580000)
 Metaspace       used 67366K, committed 68544K, reserved 1114112K
  class space    used 6927K, committed 7488K, reserved 1048576K
}
Event: 18.240 GC heap after
{Heap after GC invocations=65 (full 4):
 PSYoungGen      total 16384K, used 1536K [0x00000000eab00000, 0x00000000ec080000, 0x0000000100000000)
  eden space 14848K, 0% used [0x00000000eab00000,0x00000000eab00000,0x00000000eb980000)
  from space 1536K, 100% used [0x00000000ebd00000,0x00000000ebe80000,0x00000000ebe80000)
  to   space 3584K, 0% used [0x00000000eb980000,0x00000000eb980000,0x00000000ebd00000)
 ParOldGen       total 71168K, used 49583K [0x00000000c0000000, 0x00000000c4580000, 0x00000000eab00000)
  object space 71168K, 69% used [0x00000000c0000000,0x00000000c306bff0,0x00000000c4580000)
 Metaspace       used 67366K, committed 68544K, reserved 1114112K
  class space    used 6927K, committed 7488K, reserved 1048576K
}
Event: 18.600 GC heap before
{Heap before GC invocations=66 (full 4):
 PSYoungGen      total 16384K, used 16384K [0x00000000eab00000, 0x00000000ec080000, 0x0000000100000000)
  eden space 14848K, 100% used [0x00000000eab00000,0x00000000eb980000,0x00000000eb980000)
  from space 1536K, 100% used [0x00000000ebd00000,0x00000000ebe80000,0x00000000ebe80000)
  to   space 3584K, 0% used [0x00000000eb980000,0x00000000eb980000,0x00000000ebd00000)
 ParOldGen       total 71168K, used 49583K [0x00000000c0000000, 0x00000000c4580000, 0x00000000eab00000)
  object space 71168K, 69% used [0x00000000c0000000,0x00000000c306bff0,0x00000000c4580000)
 Metaspace       used 67826K, committed 68992K, reserved 1114112K
  class space    used 6960K, committed 7488K, reserved 1048576K
}
Event: 18.603 GC heap after
{Heap after GC invocations=66 (full 4):
 PSYoungGen      total 16384K, used 1280K [0x00000000eab00000, 0x00000000ebd80000, 0x0000000100000000)
  eden space 14848K, 0% used [0x00000000eab00000,0x00000000eab00000,0x00000000eb980000)
  from space 1536K, 83% used [0x00000000eb980000,0x00000000ebac0000,0x00000000ebb00000)
  to   space 2048K, 0% used [0x00000000ebb80000,0x00000000ebb80000,0x00000000ebd80000)
 ParOldGen       total 71168K, used 50762K [0x00000000c0000000, 0x00000000c4580000, 0x00000000eab00000)
  object space 71168K, 71% used [0x00000000c0000000,0x00000000c3192940,0x00000000c4580000)
 Metaspace       used 67826K, committed 68992K, reserved 1114112K
  class space    used 6960K, committed 7488K, reserved 1048576K
}
Event: 19.094 GC heap before
{Heap before GC invocations=67 (full 4):
 PSYoungGen      total 16384K, used 16128K [0x00000000eab00000, 0x00000000ebd80000, 0x0000000100000000)
  eden space 14848K, 100% used [0x00000000eab00000,0x00000000eb980000,0x00000000eb980000)
  from space 1536K, 83% used [0x00000000eb980000,0x00000000ebac0000,0x00000000ebb00000)
  to   space 2048K, 0% used [0x00000000ebb80000,0x00000000ebb80000,0x00000000ebd80000)
 ParOldGen       total 71168K, used 50762K [0x00000000c0000000, 0x00000000c4580000, 0x00000000eab00000)
  object space 71168K, 71% used [0x00000000c0000000,0x00000000c3192940,0x00000000c4580000)
 Metaspace       used 68796K, committed 70016K, reserved 1114112K
  class space    used 7100K, committed 7680K, reserved 1048576K
}
Event: 19.104 GC heap after
{Heap after GC invocations=67 (full 4):
 PSYoungGen      total 10752K, used 2018K [0x00000000eab00000, 0x00000000ec980000, 0x0000000100000000)
  eden space 8704K, 0% used [0x00000000eab00000,0x00000000eab00000,0x00000000eb380000)
  from space 2048K, 98% used [0x00000000ebb80000,0x00000000ebd788a0,0x00000000ebd80000)
  to   space 8192K, 0% used [0x00000000eb380000,0x00000000eb380000,0x00000000ebb80000)
 ParOldGen       total 71168K, used 55806K [0x00000000c0000000, 0x00000000c4580000, 0x00000000eab00000)
  object space 71168K, 78% used [0x00000000c0000000,0x00000000c367fac0,0x00000000c4580000)
 Metaspace       used 68796K, committed 70016K, reserved 1114112K
  class space    used 7100K, committed 7680K, reserved 1048576K
}

Dll operation events (10 events):
Event: 0.014 Loaded shared library c:\Users\Lenovo\.vscode\extensions\redhat.java-1.14.0-win32-x64\jre\17.0.5-win32-x86_64\bin\java.dll
Event: 0.171 Loaded shared library c:\Users\Lenovo\.vscode\extensions\redhat.java-1.14.0-win32-x64\jre\17.0.5-win32-x86_64\bin\zip.dll
Event: 0.176 Loaded shared library C:\Users\Lenovo\.vscode\extensions\redhat.java-1.14.0-win32-x64\jre\17.0.5-win32-x86_64\bin\instrument.dll
Event: 0.193 Loaded shared library C:\Users\Lenovo\.vscode\extensions\redhat.java-1.14.0-win32-x64\jre\17.0.5-win32-x86_64\bin\net.dll
Event: 0.195 Loaded shared library C:\Users\Lenovo\.vscode\extensions\redhat.java-1.14.0-win32-x64\jre\17.0.5-win32-x86_64\bin\nio.dll
Event: 0.204 Loaded shared library C:\Users\Lenovo\.vscode\extensions\redhat.java-1.14.0-win32-x64\jre\17.0.5-win32-x86_64\bin\zip.dll
Event: 0.240 Loaded shared library C:\Users\Lenovo\.vscode\extensions\redhat.java-1.14.0-win32-x64\jre\17.0.5-win32-x86_64\bin\jimage.dll
Event: 0.432 Loaded shared library c:\Users\Lenovo\.vscode\extensions\redhat.java-1.14.0-win32-x64\jre\17.0.5-win32-x86_64\bin\verify.dll
Event: 2.461 Loaded shared library C:\Users\Lenovo\AppData\Roaming\Code\User\globalStorage\redhat.java\1.14.0\config_win\org.eclipse.equinox.launcher\org.eclipse.equinox.launcher.win32.win32.x86_64_1.2.700.v20221108-1024\eclipse_11801.dll
Event: 5.023 Loaded shared library C:\Users\Lenovo\AppData\Local\Temp\jna--2022488749\jna9862851678831092808.dll

Deoptimization events (20 events):
Event: 18.396 Thread 0x000001ce7b101db0 DEOPT PACKING pc=0x000001ce6cf76868 sp=0x00000025398f8c80
Event: 18.396 Thread 0x000001ce7b101db0 DEOPT UNPACKING pc=0x000001ce651e20a3 sp=0x00000025398f8c08 mode 2
Event: 18.396 Thread 0x000001ce7b101db0 Uncommon trap: trap_request=0xffffffde fr.pc=0x000001ce6cf76b68 relative=0x0000000000000068
Event: 18.396 Thread 0x000001ce7b101db0 Uncommon trap: reason=class_check action=maybe_recompile pc=0x000001ce6cf76b68 method=java.util.Collections$UnmodifiableMap$UnmodifiableEntrySet$UnmodifiableEntry.getValue()Ljava/lang/Object; @ 4 c2
Event: 18.396 Thread 0x000001ce7b101db0 DEOPT PACKING pc=0x000001ce6cf76b68 sp=0x00000025398f8c80
Event: 18.396 Thread 0x000001ce7b101db0 DEOPT UNPACKING pc=0x000001ce651e20a3 sp=0x00000025398f8c08 mode 2
Event: 18.536 Thread 0x000001ce7b101db0 DEOPT PACKING pc=0x000001ce66459b21 sp=0x00000025398fdb20
Event: 18.536 Thread 0x000001ce7b101db0 DEOPT UNPACKING pc=0x000001ce651e2843 sp=0x00000025398fcfc8 mode 0
Event: 18.758 Thread 0x000001ce7b101db0 DEOPT PACKING pc=0x000001ce66459b21 sp=0x00000025398fdbf0
Event: 18.758 Thread 0x000001ce7b101db0 DEOPT UNPACKING pc=0x000001ce651e2843 sp=0x00000025398fd098 mode 0
Event: 18.775 Thread 0x000001ce7b101db0 DEOPT PACKING pc=0x000001ce65d59b9b sp=0x00000025398f87d0
Event: 18.775 Thread 0x000001ce7b101db0 DEOPT UNPACKING pc=0x000001ce651e2843 sp=0x00000025398f7cd0 mode 0
Event: 18.785 Thread 0x000001ce79570c00 Uncommon trap: trap_request=0xffffff45 fr.pc=0x000001ce6cc94ca0 relative=0x0000000000000460
Event: 18.785 Thread 0x000001ce79570c00 Uncommon trap: reason=unstable_if action=reinterpret pc=0x000001ce6cc94ca0 method=java.util.HashMap$HashIterator.<init>(Ljava/util/HashMap;)V @ 45 c2
Event: 18.785 Thread 0x000001ce79570c00 DEOPT PACKING pc=0x000001ce6cc94ca0 sp=0x00000025396fdc30
Event: 18.785 Thread 0x000001ce79570c00 DEOPT UNPACKING pc=0x000001ce651e20a3 sp=0x00000025396fdaa0 mode 2
Event: 19.044 Thread 0x000001ce7b106110 Uncommon trap: trap_request=0xffffff45 fr.pc=0x000001ce6cee8980 relative=0x00000000000005c0
Event: 19.044 Thread 0x000001ce7b106110 Uncommon trap: reason=unstable_if action=reinterpret pc=0x000001ce6cee8980 method=org.eclipse.jdt.internal.core.index.DiskIndex.readStreamChars(Ljava/io/InputStream;)[C @ 169 c2
Event: 19.044 Thread 0x000001ce7b106110 DEOPT PACKING pc=0x000001ce6cee8980 sp=0x0000002538ffec70
Event: 19.044 Thread 0x000001ce7b106110 DEOPT UNPACKING pc=0x000001ce651e20a3 sp=0x0000002538ffec18 mode 2

Classes unloaded (7 events):
Event: 3.360 Thread 0x000001ce625cecc0 Unloading class 0x000000010021a400 'java/lang/invoke/LambdaForm$MH+0x000000010021a400'
Event: 3.360 Thread 0x000001ce625cecc0 Unloading class 0x000000010021a000 'java/lang/invoke/LambdaForm$MH+0x000000010021a000'
Event: 3.360 Thread 0x000001ce625cecc0 Unloading class 0x0000000100219c00 'java/lang/invoke/LambdaForm$MH+0x0000000100219c00'
Event: 3.360 Thread 0x000001ce625cecc0 Unloading class 0x0000000100219400 'java/lang/invoke/LambdaForm$MH+0x0000000100219400'
Event: 3.360 Thread 0x000001ce625cecc0 Unloading class 0x0000000100219000 'java/lang/invoke/LambdaForm$BMH+0x0000000100219000'
Event: 3.360 Thread 0x000001ce625cecc0 Unloading class 0x0000000100218c00 'java/lang/invoke/LambdaForm$DMH+0x0000000100218c00'
Event: 3.360 Thread 0x000001ce625cecc0 Unloading class 0x0000000100216000 'java/lang/invoke/LambdaForm$DMH+0x0000000100216000'

Classes redefined (0 events):
No events

Internal exceptions (20 events):
Event: 18.460 Thread 0x000001ce7b106110 Exception <a 'java/lang/NullPointerException'{0x00000000eb165be0}> (0x00000000eb165be0) 
thrown [s\src\hotspot\share\interpreter\linkResolver.cpp, line 1350]
Event: 18.461 Thread 0x000001ce7b106110 Exception <a 'java/lang/NullPointerException'{0x00000000eb166858}> (0x00000000eb166858) 
thrown [s\src\hotspot\share\interpreter\linkResolver.cpp, line 1350]
Event: 18.631 Thread 0x000001ce7b101db0 Exception <a 'java/lang/NullPointerException'{0x00000000eabd3958}> (0x00000000eabd3958) 
thrown [s\src\hotspot\share\interpreter\linkResolver.cpp, line 1350]
Event: 18.631 Thread 0x000001ce7b101db0 Exception <a 'java/lang/NullPointerException'{0x00000000eabd47a0}> (0x00000000eabd47a0) 
thrown [s\src\hotspot\share\interpreter\linkResolver.cpp, line 1350]
Event: 18.631 Thread 0x000001ce7b101db0 Exception <a 'java/lang/NullPointerException'{0x00000000eabd54b8}> (0x00000000eabd54b8) 
thrown [s\src\hotspot\share\interpreter\linkResolver.cpp, line 1350]
Event: 18.632 Thread 0x000001ce7b101db0 Exception <a 'java/lang/NullPointerException'{0x00000000eabd68a8}> (0x00000000eabd68a8) 
thrown [s\src\hotspot\share\interpreter\linkResolver.cpp, line 1350]
Event: 18.633 Thread 0x000001ce7b101db0 Exception <a 'java/lang/NullPointerException'{0x00000000eabd77c8}> (0x00000000eabd77c8) 
thrown [s\src\hotspot\share\interpreter\linkResolver.cpp, line 1350]
Event: 18.709 Thread 0x000001ce7b101db0 Exception <a 'java/lang/NoSuchMethodError'{0x00000000eae9a408}: 'java.lang.Object java.lang.invoke.DirectMethodHandle$Holder.newInvokeSpecial(java.lang.Object, java.lang.Object, int, java.lang.Object, java.lang.Object, java.lang.Object, java.lang.Object)'> (0x00000000eae9a408) 
thrown [s\src\hotspot\share\interpreter\linkResolver.cpp, line 759]
Event: 18.796 Thread 0x000001ce7b104430 Exception <a 'java/lang/NullPointerException'{0x00000000eb118ea8}> (0x00000000eb118ea8) 
thrown [s\src\hotspot\share\interpreter\linkResolver.cpp, line 1350]
Event: 18.796 Thread 0x000001ce7b104430 Exception <a 'java/lang/NullPointerException'{0x00000000eb119f50}> (0x00000000eb119f50) 
thrown [s\src\hotspot\share\interpreter\linkResolver.cpp, line 1350]
Event: 18.796 Thread 0x000001ce7b104430 Exception <a 'java/lang/NullPointerException'{0x00000000eb11ac00}> (0x00000000eb11ac00) 
thrown [s\src\hotspot\share\interpreter\linkResolver.cpp, line 1350]
Event: 18.796 Thread 0x000001ce7b104430 Exception <a 'java/lang/NullPointerException'{0x00000000eb11ba78}> (0x00000000eb11ba78) 
thrown [s\src\hotspot\share\interpreter\linkResolver.cpp, line 1350]
Event: 18.797 Thread 0x000001ce7b104430 Exception <a 'java/lang/NullPointerException'{0x00000000eb11d130}> (0x00000000eb11d130) 
thrown [s\src\hotspot\share\interpreter\linkResolver.cpp, line 1350]
Event: 18.797 Thread 0x000001ce7b104430 Exception <a 'java/lang/NullPointerException'{0x00000000eb11e8d0}> (0x00000000eb11e8d0) 
thrown [s\src\hotspot\share\interpreter\linkResolver.cpp, line 1350]
Event: 18.797 Thread 0x000001ce7b104430 Exception <a 'java/lang/NullPointerException'{0x00000000eb121a20}> (0x00000000eb121a20) 
thrown [s\src\hotspot\share\interpreter\linkResolver.cpp, line 1350]
Event: 18.807 Thread 0x000001ce7b104430 Exception <a 'java/lang/NullPointerException'{0x00000000eb1445e8}> (0x00000000eb1445e8) 
thrown [s\src\hotspot\share\interpreter\linkResolver.cpp, line 1350]
Event: 18.971 Thread 0x000001ce7b101db0 Exception <a 'java/lang/ArrayIndexOutOfBoundsException'{0x00000000eb33a818}: Index 3198 out of bounds for length 3198> (0x00000000eb33a818) 
thrown [s\src\hotspot\share\interpreter\interpreterRuntime.cpp, line 428]
Event: 18.994 Thread 0x000001ce7b101db0 Exception <a 'java/lang/NullPointerException'{0x00000000eb407150}> (0x00000000eb407150) 
thrown [s\src\hotspot\share\interpreter\linkResolver.cpp, line 1350]
Event: 18.995 Thread 0x000001ce7b101db0 Exception <a 'java/lang/NullPointerException'{0x00000000eb407f80}> (0x00000000eb407f80) 
thrown [s\src\hotspot\share\interpreter\linkResolver.cpp, line 1350]
Event: 18.998 Thread 0x000001ce7b101db0 Exception <a 'java/lang/NullPointerException'{0x00000000eb408a08}> (0x00000000eb408a08) 
thrown [s\src\hotspot\share\interpreter\linkResolver.cpp, line 1350]

VM Operations (20 events):
Event: 18.236 Executing VM operation: ParallelGCFailedAllocation
Event: 18.241 Executing VM operation: ParallelGCFailedAllocation done
Event: 18.409 Executing VM operation: HandshakeAllThreads
Event: 18.520 Executing VM operation: HandshakeAllThreads done
Event: 18.538 Executing VM operation: ICBufferFull
Event: 18.551 Executing VM operation: ICBufferFull done
Event: 18.600 Executing VM operation: ParallelGCFailedAllocation
Event: 18.603 Executing VM operation: ParallelGCFailedAllocation done
Event: 18.873 Executing VM operation: HandshakeAllThreads
Event: 18.873 Executing VM operation: HandshakeAllThreads done
Event: 18.880 Executing VM operation: HandshakeAllThreads
Event: 18.880 Executing VM operation: HandshakeAllThreads done
Event: 18.956 Executing VM operation: HandshakeAllThreads
Event: 18.956 Executing VM operation: HandshakeAllThreads done
Event: 18.962 Executing VM operation: HandshakeAllThreads
Event: 18.962 Executing VM operation: HandshakeAllThreads done
Event: 18.966 Executing VM operation: HandshakeAllThreads
Event: 18.966 Executing VM operation: HandshakeAllThreads done
Event: 19.094 Executing VM operation: ParallelGCFailedAllocation
Event: 19.104 Executing VM operation: ParallelGCFailedAllocation done

Events (20 events):
Event: 17.193 loading class java/lang/Throwable$WrappedPrintWriter
Event: 17.193 loading class java/lang/Throwable$PrintStreamOrWriter
Event: 17.194 loading class java/lang/Throwable$PrintStreamOrWriter done
Event: 17.194 loading class java/lang/Throwable$WrappedPrintWriter done
Event: 17.196 loading class java/text/NumberFormat$Field
Event: 17.196 loading class java/text/NumberFormat$Field done
Event: 17.234 loading class java/util/Hashtable$KeySet
Event: 17.235 loading class java/util/Hashtable$KeySet done
Event: 17.286 Thread 0x000001ce7b103a90 Thread added: 0x000001ce7b103a90
Event: 17.730 loading class java/util/stream/Streams$ConcatSpliterator$OfRef
Event: 17.730 loading class java/util/stream/Streams$ConcatSpliterator
Event: 17.730 loading class java/util/stream/Streams$ConcatSpliterator done
Event: 17.730 loading class java/util/stream/Streams$ConcatSpliterator$OfRef done
Event: 17.731 loading class java/util/stream/Streams$2
Event: 17.731 loading class java/util/stream/Streams$2 done
Event: 18.525 Thread 0x000001ce7635eec0 flushing nmethod 0x000001ce6585fb90
Event: 18.555 Thread 0x000001ce7635eec0 flushing nmethod 0x000001ce66751210
Event: 18.555 Thread 0x000001ce7635eec0 flushing nmethod 0x000001ce66755a10
Event: 18.599 loading class java/util/regex/Pattern$1
Event: 18.599 loading class java/util/regex/Pattern$1 done


Dynamic libraries:
0x00007ff694e80000 - 0x00007ff694e8e000 	c:\Users\Lenovo\.vscode\extensions\redhat.java-1.14.0-win32-x64\jre\17.0.5-win32-x86_64\bin\java.exe
0x00007ffdb2fd0000 - 0x00007ffdb31c8000 	C:\WINDOWS\SYSTEM32\ntdll.dll
0x00007ffdb1cb0000 - 0x00007ffdb1d6f000 	C:\WINDOWS\System32\KERNEL32.DLL
0x00007ffdb0ae0000 - 0x00007ffdb0db2000 	C:\WINDOWS\System32\KERNELBASE.dll
0x00007ffdb0df0000 - 0x00007ffdb0ef0000 	C:\WINDOWS\System32\ucrtbase.dll
0x00007ffd80de0000 - 0x00007ffd80df9000 	c:\Users\Lenovo\.vscode\extensions\redhat.java-1.14.0-win32-x64\jre\17.0.5-win32-x86_64\bin\VCRUNTIME140.dll
0x00007ffd80e00000 - 0x00007ffd80e17000 	c:\Users\Lenovo\.vscode\extensions\redhat.java-1.14.0-win32-x64\jre\17.0.5-win32-x86_64\bin\jli.dll
0x00007ffdb1f10000 - 0x00007ffdb20b1000 	C:\WINDOWS\System32\USER32.dll
0x00007ffdb0dc0000 - 0x00007ffdb0de2000 	C:\WINDOWS\System32\win32u.dll
0x00007ffd9b400000 - 0x00007ffd9b69a000 	C:\WINDOWS\WinSxS\amd64_microsoft.windows.common-controls_6595b64144ccf1df_6.0.19041.1110_none_60b5254171f9507e\COMCTL32.dll
0x00007ffdb1480000 - 0x00007ffdb14ab000 	C:\WINDOWS\System32\GDI32.dll
0x00007ffdb2ef0000 - 0x00007ffdb2f8e000 	C:\WINDOWS\System32\msvcrt.dll
0x00007ffdb0710000 - 0x00007ffdb081f000 	C:\WINDOWS\System32\gdi32full.dll
0x00007ffdb0980000 - 0x00007ffdb0a1d000 	C:\WINDOWS\System32\msvcp_win.dll
0x00007ffdb14b0000 - 0x00007ffdb14e2000 	C:\WINDOWS\System32\IMM32.DLL
0x00007ffd969f0000 - 0x00007ffd969fc000 	c:\Users\Lenovo\.vscode\extensions\redhat.java-1.14.0-win32-x64\jre\17.0.5-win32-x86_64\bin\vcruntime140_1.dll
0x00007ffd80c70000 - 0x00007ffd80d01000 	c:\Users\Lenovo\.vscode\extensions\redhat.java-1.14.0-win32-x64\jre\17.0.5-win32-x86_64\bin\msvcp140.dll
0x00007ffd7f710000 - 0x00007ffd80354000 	c:\Users\Lenovo\.vscode\extensions\redhat.java-1.14.0-win32-x64\jre\17.0.5-win32-x86_64\bin\server\jvm.dll
0x00007ffdb2af0000 - 0x00007ffdb2b9e000 	C:\WINDOWS\System32\ADVAPI32.dll
0x00007ffdb1270000 - 0x00007ffdb130c000 	C:\WINDOWS\System32\sechost.dll
0x00007ffdb1010000 - 0x00007ffdb1135000 	C:\WINDOWS\System32\RPCRT4.dll
0x00007ffd7f700000 - 0x00007ffd7f709000 	C:\WINDOWS\SYSTEM32\WSOCK32.dll
0x00007ffdb1ea0000 - 0x00007ffdb1f0b000 	C:\WINDOWS\System32\WS2_32.dll
0x00007ffd9f940000 - 0x00007ffd9f967000 	C:\WINDOWS\SYSTEM32\WINMM.dll
0x00007ffda3b10000 - 0x00007ffda3b1a000 	C:\WINDOWS\SYSTEM32\VERSION.dll
0x00007ffdae5a0000 - 0x00007ffdae5b2000 	C:\WINDOWS\SYSTEM32\kernel.appcore.dll
0x00007ffd7f6f0000 - 0x00007ffd7f6fa000 	c:\Users\Lenovo\.vscode\extensions\redhat.java-1.14.0-win32-x64\jre\17.0.5-win32-x86_64\bin\jimage.dll
0x00007ffda2a60000 - 0x00007ffda2c44000 	C:\WINDOWS\SYSTEM32\DBGHELP.DLL
0x00007ffda26d0000 - 0x00007ffda2705000 	C:\WINDOWS\SYSTEM32\dbgcore.DLL
0x00007ffdb0a50000 - 0x00007ffdb0ad2000 	C:\WINDOWS\System32\bcryptPrimitives.dll
0x00007ffd7f480000 - 0x00007ffd7f48e000 	c:\Users\Lenovo\.vscode\extensions\redhat.java-1.14.0-win32-x64\jre\17.0.5-win32-x86_64\bin\instrument.dll
0x00007ffd7f450000 - 0x00007ffd7f475000 	c:\Users\Lenovo\.vscode\extensions\redhat.java-1.14.0-win32-x64\jre\17.0.5-win32-x86_64\bin\java.dll
0x00007ffd7f430000 - 0x00007ffd7f448000 	c:\Users\Lenovo\.vscode\extensions\redhat.java-1.14.0-win32-x64\jre\17.0.5-win32-x86_64\bin\zip.dll
0x00007ffdb1500000 - 0x00007ffdb1c44000 	C:\WINDOWS\System32\SHELL32.dll
0x00007ffdae7a0000 - 0x00007ffdaef32000 	C:\WINDOWS\SYSTEM32\windows.storage.dll
0x00007ffdb20c0000 - 0x00007ffdb2415000 	C:\WINDOWS\System32\combase.dll
0x00007ffdb0040000 - 0x00007ffdb0070000 	C:\WINDOWS\SYSTEM32\Wldp.dll
0x00007ffdb2a40000 - 0x00007ffdb2aed000 	C:\WINDOWS\System32\SHCORE.dll
0x00007ffdb2ba0000 - 0x00007ffdb2bf5000 	C:\WINDOWS\System32\shlwapi.dll
0x00007ffdb0600000 - 0x00007ffdb061f000 	C:\WINDOWS\SYSTEM32\profapi.dll
0x00007ffd7f410000 - 0x00007ffd7f429000 	C:\Users\Lenovo\.vscode\extensions\redhat.java-1.14.0-win32-x64\jre\17.0.5-win32-x86_64\bin\net.dll
0x00007ffda65c0000 - 0x00007ffda66cc000 	C:\WINDOWS\SYSTEM32\WINHTTP.dll
0x00007ffdafda0000 - 0x00007ffdafe0a000 	C:\WINDOWS\system32\mswsock.dll
0x00007ffd7f3f0000 - 0x00007ffd7f405000 	C:\Users\Lenovo\.vscode\extensions\redhat.java-1.14.0-win32-x64\jre\17.0.5-win32-x86_64\bin\nio.dll
0x00007ffd7f3e0000 - 0x00007ffd7f3f0000 	c:\Users\Lenovo\.vscode\extensions\redhat.java-1.14.0-win32-x64\jre\17.0.5-win32-x86_64\bin\verify.dll
0x00007ffd66060000 - 0x00007ffd6609e000 	C:\Users\Lenovo\AppData\Roaming\Code\User\globalStorage\redhat.java\1.14.0\config_win\org.eclipse.equinox.launcher\org.eclipse.equinox.launcher.win32.win32.x86_64_1.2.700.v20221108-1024\eclipse_11801.dll
0x00007ffdb1d70000 - 0x00007ffdb1e9a000 	C:\WINDOWS\System32\ole32.dll
0x00007ffdaff90000 - 0x00007ffdaffa8000 	C:\WINDOWS\SYSTEM32\CRYPTSP.dll
0x00007ffdaf6c0000 - 0x00007ffdaf6f4000 	C:\WINDOWS\system32\rsaenh.dll
0x00007ffdb0a20000 - 0x00007ffdb0a47000 	C:\WINDOWS\System32\bcrypt.dll
0x00007ffdb05c0000 - 0x00007ffdb05ee000 	C:\WINDOWS\SYSTEM32\USERENV.dll
0x00007ffdaffb0000 - 0x00007ffdaffbc000 	C:\WINDOWS\SYSTEM32\CRYPTBASE.dll
0x00007ffdafa90000 - 0x00007ffdafacb000 	C:\WINDOWS\SYSTEM32\IPHLPAPI.DLL
0x00007ffdb14f0000 - 0x00007ffdb14f8000 	C:\WINDOWS\System32\NSI.dll
0x00007ffda7690000 - 0x00007ffda76a7000 	C:\WINDOWS\SYSTEM32\dhcpcsvc6.DLL
0x00007ffda8920000 - 0x00007ffda893d000 	C:\WINDOWS\SYSTEM32\dhcpcsvc.DLL
0x00007ffdafad0000 - 0x00007ffdafb9a000 	C:\WINDOWS\SYSTEM32\DNSAPI.dll
0x00007ffdac180000 - 0x00007ffdac1c0000 	C:\Users\Lenovo\AppData\Local\Temp\jna--2022488749\jna9862851678831092808.dll
0x00007ffdb1260000 - 0x00007ffdb1268000 	C:\WINDOWS\System32\PSAPI.DLL

dbghelp: loaded successfully - version: 4.0.5 - missing functions: none
symbol engine: initialized successfully - sym options: 0x614 - pdb path: .;c:\Users\Lenovo\.vscode\extensions\redhat.java-1.14.0-win32-x64\jre\17.0.5-win32-x86_64\bin;C:\WINDOWS\SYSTEM32;C:\WINDOWS\WinSxS\amd64_microsoft.windows.common-controls_6595b64144ccf1df_6.0.19041.1110_none_60b5254171f9507e;c:\Users\Lenovo\.vscode\extensions\redhat.java-1.14.0-win32-x64\jre\17.0.5-win32-x86_64\bin\server;C:\Users\Lenovo\AppData\Roaming\Code\User\globalStorage\redhat.java\1.14.0\config_win\org.eclipse.equinox.launcher\org.eclipse.equinox.launcher.win32.win32.x86_64_1.2.700.v20221108-1024;C:\Users\Lenovo\AppData\Local\Temp\jna--2022488749

VM Arguments:
jvm_args: --add-modules=ALL-SYSTEM --add-opens=java.base/java.util=ALL-UNNAMED --add-opens=java.base/java.lang=ALL-UNNAMED --add-opens=java.base/sun.nio.fs=ALL-UNNAMED -Declipse.application=org.eclipse.jdt.ls.core.id1 -Dosgi.bundles.defaultStartLevel=4 -Declipse.product=org.eclipse.jdt.ls.core.product -Djava.import.generatesMetadataFilesAtProjectRoot=false -Dfile.encoding=utf8 -XX:+UseParallelGC -XX:GCTimeRatio=4 -XX:AdaptiveSizePolicyWeight=90 -Dsun.zip.disableMemoryMapping=true -Xmx1G -Xms100m -Xlog:disable -javaagent:c:\Users\Lenovo\.vscode\extensions\redhat.java-1.14.0-win32-x64\lombok\lombok-1.18.24.jar -XX:+HeapDumpOnOutOfMemoryError -XX:HeapDumpPath=c:\Users\Lenovo\AppData\Roaming\Code\User\workspaceStorage\b3b50248c85afcd3abc98b7490b45f12\redhat.java 
java_command: c:\Users\Lenovo\.vscode\extensions\redhat.java-1.14.0-win32-x64\server\plugins\org.eclipse.equinox.launcher_1.6.400.v20210924-0641.jar -configuration c:\Users\Lenovo\AppData\Roaming\Code\User\globalStorage\redhat.java\1.14.0\config_win -data c:\Users\Lenovo\AppData\Roaming\Code\User\workspaceStorage\b3b50248c85afcd3abc98b7490b45f12\redhat.java\jdt_ws
java_class_path (initial): c:\Users\Lenovo\.vscode\extensions\redhat.java-1.14.0-win32-x64\server\plugins\org.eclipse.equinox.launcher_1.6.400.v20210924-0641.jar
Launcher Type: SUN_STANDARD

[Global flags]
    uintx AdaptiveSizePolicyWeight                 = 90                                        {product} {command line}
     intx CICompilerCount                          = 3                                         {product} {ergonomic}
    uintx GCTimeRatio                              = 4                                         {product} {command line}
     bool HeapDumpOnOutOfMemoryError               = true                                   {manageable} {command line}
    ccstr HeapDumpPath                             = c:\Users\Lenovo\AppData\Roaming\Code\User\workspaceStorage\b3b50248c85afcd3abc98b7490b45f12\redhat.java         {manageable} {command line}
   size_t InitialHeapSize                          = 104857600                                 {product} {command line}
   size_t MaxHeapSize                              = 1073741824                                {product} {command line}
   size_t MaxNewSize                               = 357564416                                 {product} {ergonomic}
   size_t MinHeapDeltaBytes                        = 524288                                    {product} {ergonomic}
   size_t MinHeapSize                              = 104857600                                 {product} {command line}
   size_t NewSize                                  = 34603008                                  {product} {ergonomic}
    uintx NonNMethodCodeHeapSize                   = 5832780                                {pd product} {ergonomic}
    uintx NonProfiledCodeHeapSize                  = 122912730                              {pd product} {ergonomic}
   size_t OldSize                                  = 70254592                                  {product} {ergonomic}
    uintx ProfiledCodeHeapSize                     = 122912730                              {pd product} {ergonomic}
    uintx ReservedCodeCacheSize                    = 251658240                              {pd product} {ergonomic}
     bool SegmentedCodeCache                       = true                                      {product} {ergonomic}
   size_t SoftMaxHeapSize                          = 1073741824                             {manageable} {ergonomic}
     bool UseCompressedClassPointers               = true                           {product lp64_product} {ergonomic}
     bool UseCompressedOops                        = true                           {product lp64_product} {ergonomic}
     bool UseLargePagesIndividualAllocation        = false                                  {pd product} {ergonomic}
     bool UseParallelGC                            = true                                      {product} {command line}

Logging:
Log output configuration:
 #0: stdout all=off uptime,level,tags
 #1: stderr all=off uptime,level,tags

Environment Variables:
JAVA_HOME=C:\Program Files\Java\jdk1.8.0_112
PATH=C:\Program Files\Common Files\Oracle\Java\javapath;C:\Program Files\Java\jdk1.8.0_112\bin;C:\WINDOWS\system32;C:\WINDOWS;C:\WINDOWS\System32\Wbem;C:\WINDOWS\System32\WindowsPowerShell\v1.0\;C:\WINDOWS\System32\OpenSSH\;C:\Program Files (x86)\MySQL\MySQL Server 5.5\bin;C:\Program Files\Git\cmd;C:\Program Files\nodejs\;C:\Program Files\apache-maven-3.8.7\bin;C:\Users\Lenovo\AppData\Local\Microsoft\WindowsApps;C:\Program Files\Java\jdk1.8.0_112\bin;;C:\Users\Lenovo\AppData\Local\Programs\Microsoft VS Code\bin;C:\Users\Lenovo\AppData\Roaming\npm
USERNAME=Lenovo
OS=Windows_NT
PROCESSOR_IDENTIFIER=Intel64 Family 6 Model 42 Stepping 7, GenuineIntel
TMP=C:\Users\Lenovo\AppData\Local\Temp
TEMP=C:\Users\Lenovo\AppData\Local\Temp



---------------  S Y S T E M  ---------------

OS:
 Windows 10 , 64 bit Build 19041 (10.0.19041.2364)
OS uptime: 0 days 0:50 hours

CPU: total 4 (initial active 4) (2 cores per cpu, 2 threads per core) family 6 model 42 stepping 7 microcode 0x2f, cx8, cmov, fxsr, ht, mmx, sse, sse2, sse3, ssse3, sse4.1, sse4.2, popcnt, tsc, tscinvbit, avx, clmul, vzeroupper, clflush

Memory: 4k page, system-wide physical 7992M (2401M free)
TotalPageFile size 9720M (AvailPageFile size 2410M)
current process WorkingSet (physical memory assigned to process): 315M, peak: 315M
current process commit charge ("private bytes"): 362M, peak: 362M

vm_info: OpenJDK 64-Bit Server VM (17.0.5+8) for windows-amd64 JRE (17.0.5+8), built on Oct 19 2022 04:48:13 by "temurin" with MS VC++ 16.7 (VS2019)

END.
