#
# A fatal error has been detected by the Java Runtime Environment:
#
#  EXCEPTION_ACCESS_VIOLATION (0xc0000005) at pc=0x00007ff93f15c8e8, pid=7104, tid=3024
#
# JRE version: OpenJDK Runtime Environment Temurin-17.0.5+8 (17.0.5+8) (build 17.0.5+8)
# Java VM: OpenJDK 64-Bit Server VM Temurin-17.0.5+8 (17.0.5+8, mixed mode, tiered, compressed oops, compressed class ptrs, parallel gc, windows-amd64)
# Problematic frame:
# V  [jvm.dll+0xc8e8]
#
# No core dump will be written. Minidumps are not enabled by default on client versions of Windows
#
# If you would like to submit a bug report, please visit:
#   https://github.com/adoptium/adoptium-support/issues
#

---------------  S U M M A R Y ------------

Command Line: --add-modules=ALL-SYSTEM --add-opens=java.base/java.util=ALL-UNNAMED --add-opens=java.base/java.lang=ALL-UNNAMED --add-opens=java.base/sun.nio.fs=ALL-UNNAMED -Declipse.application=org.eclipse.jdt.ls.core.id1 -Dosgi.bundles.defaultStartLevel=4 -Declipse.product=org.eclipse.jdt.ls.core.product -Djava.import.generatesMetadataFilesAtProjectRoot=false -Dfile.encoding=utf8 -XX:+UseParallelGC -XX:GCTimeRatio=4 -XX:AdaptiveSizePolicyWeight=90 -Dsun.zip.disableMemoryMapping=true -Xmx1G -Xms100m -Xlog:disable -javaagent:c:\Users\Lenovo\.vscode\extensions\redhat.java-1.14.0-win32-x64\lombok\lombok-1.18.24.jar -XX:+HeapDumpOnOutOfMemoryError -XX:HeapDumpPath=c:\Users\Lenovo\AppData\Roaming\Code\User\workspaceStorage\b3b50248c85afcd3abc98b7490b45f12\redhat.java c:\Users\Lenovo\.vscode\extensions\redhat.java-1.14.0-win32-x64\server\plugins\org.eclipse.equinox.launcher_1.6.400.v20210924-0641.jar -configuration c:\Users\Lenovo\AppData\Roaming\Code\User\globalStorage\redhat.java\1.14.0\config_win -data c:\Users\Lenovo\AppData\Roaming\Code\User\workspaceStorage\b3b50248c85afcd3abc98b7490b45f12\redhat.java\jdt_ws

Host: Intel(R) Core(TM) i3-2120 CPU @ 3.30GHz, 4 cores, 7G,  Windows 10 , 64 bit Build 19041 (10.0.19041.2364)
Time: Wed Feb  8 15:54:31 2023 India Standard Time elapsed time: 13832.634791 seconds (0d 3h 50m 32s)

---------------  T H R E A D  ---------------

Current thread (0x00000242f95d4f10):  GCTaskThread "GC Thread#0" [stack: 0x0000006d14a00000,0x0000006d14b00000] [id=3024]

Stack: [0x0000006d14a00000,0x0000006d14b00000],  sp=0x0000006d14aff698,  free space=1021k
Native frames: (J=compiled Java code, j=interpreted, Vv=VM code, C=native code)
V  [jvm.dll+0xc8e8]


siginfo: EXCEPTION_ACCESS_VIOLATION (0xc0000005), reading address 0x00000001400407c8


Register to memory mapping:

RIP=0x00007ff93f15c8e8 jvm.dll
RAX=0x0000000000000001 is an unknown value
RBX=0x0000000000000019 is an unknown value
RCX=0x0000000000000003 is an unknown value
RDX=0x00000000eafc59b0 points into unknown readable memory: 0x0000000000000019 | 19 00 00 00 00 00 00 00
RSP=0x0000006d14aff698 points into unknown readable memory: 0x00007ff93f803486 | 86 34 80 3f f9 7f 00 00
RBP=0x0000006d14aff718 points into unknown readable memory: 0x000000000000000c | 0c 00 00 00 00 00 00 00
RSI=0x00000000eb1a481c points into unknown readable memory: b0 59 fc ea
RDI=0x00000242fe3c1500 points into unknown readable memory: 0x00007ff93fafcfb8 | b8 cf af 3f f9 7f 00 00
R8 =0x00000001400407c0 is an unknown value
R9 =0x00007ff93fc606d0 jvm.dll
R10=0x0 is NULL
R11=0x00000242fe3c1500 points into unknown readable memory: 0x00007ff93fafcfb8 | b8 cf af 3f f9 7f 00 00
R12=0x0 is NULL
R13=0x0000000000000010 is an unknown value
R14=0x00000000eafc59b0 points into unknown readable memory: 0x0000000000000019 | 19 00 00 00 00 00 00 00
R15=0x00000242fe3c1500 points into unknown readable memory: 0x00007ff93fafcfb8 | b8 cf af 3f f9 7f 00 00


Registers:
RAX=0x0000000000000001, RBX=0x0000000000000019, RCX=0x0000000000000003, RDX=0x00000000eafc59b0
RSP=0x0000006d14aff698, RBP=0x0000006d14aff718, RSI=0x00000000eb1a481c, RDI=0x00000242fe3c1500
R8 =0x00000001400407c0, R9 =0x00007ff93fc606d0, R10=0x0000000000000000, R11=0x00000242fe3c1500
R12=0x0000000000000000, R13=0x0000000000000010, R14=0x00000000eafc59b0, R15=0x00000242fe3c1500
RIP=0x00007ff93f15c8e8, EFLAGS=0x0000000000010206

Top of Stack: (sp=0x0000006d14aff698)
0x0000006d14aff698:   00007ff93f803486 0000000000000011
0x0000006d14aff6a8:   00007ff93f7f5a88 00000000eb0bbb38
0x0000006d14aff6b8:   0000006d14aff7c8 00000242fe3c1b80
0x0000006d14aff6c8:   00000000eaecf0e0 00000000eb0bbb28
0x0000006d14aff6d8:   00007ff93f7f61e2 00000000eb19e900
0x0000006d14aff6e8:   0000000000001000 0000006d14aff7a8
0x0000006d14aff6f8:   00007ff93f7d1ac3 0000000000000021
0x0000006d14aff708:   0000000000001000 0000000000000010
0x0000006d14aff718:   000000000000000c 000000000000011c
0x0000006d14aff728:   0000000000000000 00000000eb1a481c
0x0000006d14aff738:   0000000000000019 00000000000000ea
0x0000006d14aff748:   00007ff93f8046f0 00000242fe3c1500
0x0000006d14aff758:   00007ff93f7f5d1f 0000000000000019
0x0000006d14aff768:   0000000000000001 0000000000000048
0x0000006d14aff778:   0000000000000001 00000000c6888de4
0x0000006d14aff788:   00000000c6888e08 0000000000000000 

Instructions: (pc=0x00007ff93f15c8e8)
0x00007ff93f15c7e8:   48 83 c4 20 5e c3 cc cc 48 8b 01 c3 cc cc cc cc
0x00007ff93f15c7f8:   cc cc cc cc cc cc cc cc 4c 8b 01 4c 8b c9 48 8b
0x00007ff93f15c808:   0d 83 a3 b4 00 ba 44 60 08 00 e9 59 f2 ff ff cc
0x00007ff93f15c818:   cc cc cc cc cc cc cc cc 48 89 5c 24 08 57 48 83
0x00007ff93f15c828:   ec 20 48 8b 39 48 8b d9 48 85 3d 31 81 b9 00 75
0x00007ff93f15c838:   0e 48 8b c7 48 8b 5c 24 30 48 83 c4 20 5f c3 48
0x00007ff93f15c848:   8b cf e8 b1 5a 85 00 48 8b d0 48 85 c0 74 20 48
0x00007ff93f15c858:   8b c7 f0 48 0f b1 13 74 16 48 85 05 00 81 b9 00
0x00007ff93f15c868:   74 0d 48 8b c8 f0 48 0f b1 13 48 3b c1 75 ea 48
0x00007ff93f15c878:   8b 5c 24 30 48 8b c2 48 83 c4 20 5f c3 cc cc cc
0x00007ff93f15c888:   cc cc cc cc cc cc cc cc 4c 8b 01 4c 8b c9 48 8b
0x00007ff93f15c898:   0d f3 a2 b4 00 ba 64 60 08 00 e9 c9 f1 ff ff cc
0x00007ff93f15c8a8:   cc cc cc cc cc cc cc cc 8b 05 32 ea ae 00 c3 cc
0x00007ff93f15c8b8:   cc cc cc cc cc cc cc cc 0f b6 05 38 ab b5 00 48
0x00007ff93f15c8c8:   8b d1 84 c0 74 16 44 8b 41 08 8b 0d 10 ea ae 00
0x00007ff93f15c8d8:   49 d3 e0 4c 03 05 fe e9 ae 00 eb 04 4c 8b 41 08
0x00007ff93f15c8e8:   45 8b 50 08 45 85 d2 7e 0e 41 f6 c2 01 75 53 41
0x00007ff93f15c8f8:   c1 fa 03 41 8b c2 c3 79 49 84 c0 b9 10 00 00 00
0x00007ff93f15c908:   8b 05 16 f9 ae 00 41 b8 0c 00 00 00 41 0f 45 c8
0x00007ff93f15c918:   ff c8 4c 63 c8 48 63 14 11 41 8b ca 83 e1 3f 48
0x00007ff93f15c928:   d3 e2 41 8b ca 48 c1 f9 10 0f b6 c1 49 8d 0c 11
0x00007ff93f15c938:   49 f7 d1 48 03 c1 49 c1 e9 03 48 c1 e8 03 41 23
0x00007ff93f15c948:   c1 c3 49 8b 00 49 8b c8 48 ff a0 00 01 00 00 cc
0x00007ff93f15c958:   cc cc cc cc cc cc cc cc 8b 44 24 30 45 03 c9 44
0x00007ff93f15c968:   2b 4c 24 28 83 c0 0b 44 03 ca 45 03 c8 41 03 c1
0x00007ff93f15c978:   c3 cc cc cc cc cc cc cc 4c 8b ca 48 8b d1 45 8b
0x00007ff93f15c988:   41 08 45 85 c0 7e 0e 41 f6 c0 01 75 56 41 c1 f8
0x00007ff93f15c998:   03 41 8b c0 c3 79 4c 80 3d 59 aa b5 00 00 b8 0c
0x00007ff93f15c9a8:   00 00 00 b9 10 00 00 00 0f 45 c8 8b 05 6b f8 ae
0x00007ff93f15c9b8:   00 ff c8 4c 63 c8 48 63 14 11 41 8b c8 83 e1 3f
0x00007ff93f15c9c8:   48 d3 e2 41 8b c8 48 c1 f9 10 0f b6 c1 49 8d 0c
0x00007ff93f15c9d8:   11 49 f7 d1 48 03 c1 49 c1 e9 03 48 c1 e8 03 41 


Stack slot to memory mapping:
stack at sp + 0 slots: 0x00007ff93f803486 jvm.dll
stack at sp + 1 slots: 0x0000000000000011 is an unknown value
stack at sp + 2 slots: 0x00007ff93f7f5a88 jvm.dll
stack at sp + 3 slots: 0x00000000eb0bbb38 points into unknown readable memory: 0x00000000eb038818 | 18 88 03 eb 00 00 00 00
stack at sp + 4 slots: 0x0000006d14aff7c8 points into unknown readable memory: 0x00007ff93f7f715f | 5f 71 7f 3f f9 7f 00 00
stack at sp + 5 slots: 0x00000242fe3c1b80 points into unknown readable memory: 0x00007ff93fafcfb8 | b8 cf af 3f f9 7f 00 00
stack at sp + 6 slots: 0x00000000eaecf0e0 points into unknown readable memory: 0xc1ac2218c1a2b540 | 40 b5 a2 c1 18 22 ac c1
stack at sp + 7 slots: 0x00000000eb0bbb28 is an oop: [Ljava.lang.Object; 
{0x00000000eb0bbb28} - klass: 'java/lang/Object'[]
 - length: 3


---------------  P R O C E S S  ---------------

Threads class SMR info:
_java_thread_list=0x00000242922fab70, length=51, elements={
0x00000242f95bef40, 0x00000242fe3db740, 0x00000242fe3dd580, 0x00000242fe405270,
0x00000242fe405e20, 0x00000242fe4087e0, 0x00000242fe409190, 0x00000242fe40c330,
0x00000242fe44dcc0, 0x00000242fe44ea60, 0x00000242f967b1a0, 0x000002428f2d8d40,
0x000002428fb27f20, 0x000002428f19afb0, 0x000002428f4ce8d0, 0x000002428f19bc90,
0x000002428f9e9760, 0x000002429058f2e0, 0x000002429058fc80, 0x0000024290590fc0,
0x000002429058e940, 0x0000024292856a20, 0x0000024292853a00, 0x0000024292855210,
0x0000024292856ef0, 0x0000024296577c10, 0x00000242965780e0, 0x00000242965738b0,
0x0000024296573d80, 0x0000024296576da0, 0x0000024296579420, 0x0000024296577270,
0x000002429657ac30, 0x0000024296574250, 0x0000024296574bf0, 0x0000024292859570,
0x0000024292853ed0, 0x00000242928543a0, 0x0000024290590620, 0x000002429058dfa0,
0x0000024290ee7b90, 0x0000024290ee6d20, 0x0000024290eeb550, 0x0000024290ee71f0,
0x0000024290ee9870, 0x0000024290eeba20, 0x0000024290eeabb0, 0x0000024290eeb080,
0x0000024290ee5eb0, 0x0000024290ee6380, 0x0000024290eed700
}

Java Threads: ( => current thread )
  0x00000242f95bef40 JavaThread "main" [_thread_blocked, id=10164, stack(0x0000006d14900000,0x0000006d14a00000)]
  0x00000242fe3db740 JavaThread "Reference Handler" daemon [_thread_blocked, id=3112, stack(0x0000006d14c00000,0x0000006d14d00000)]
  0x00000242fe3dd580 JavaThread "Finalizer" daemon [_thread_blocked, id=2832, stack(0x0000006d14d00000,0x0000006d14e00000)]
  0x00000242fe405270 JavaThread "Signal Dispatcher" daemon [_thread_blocked, id=12016, stack(0x0000006d14e00000,0x0000006d14f00000)]
  0x00000242fe405e20 JavaThread "Attach Listener" daemon [_thread_blocked, id=11812, stack(0x0000006d14f00000,0x0000006d15000000)]
  0x00000242fe4087e0 JavaThread "Service Thread" daemon [_thread_blocked, id=8500, stack(0x0000006d15000000,0x0000006d15100000)]
  0x00000242fe409190 JavaThread "Monitor Deflation Thread" daemon [_thread_blocked, id=8496, stack(0x0000006d15100000,0x0000006d15200000)]
  0x00000242fe40c330 JavaThread "C2 CompilerThread0" daemon [_thread_blocked, id=8392, stack(0x0000006d15200000,0x0000006d15300000)]
  0x00000242fe44dcc0 JavaThread "C1 CompilerThread0" daemon [_thread_blocked, id=11520, stack(0x0000006d15300000,0x0000006d15400000)]
  0x00000242fe44ea60 JavaThread "Sweeper thread" daemon [_thread_blocked, id=4324, stack(0x0000006d15400000,0x0000006d15500000)]
  0x00000242f967b1a0 JavaThread "Common-Cleaner" daemon [_thread_blocked, id=4680, stack(0x0000006d15500000,0x0000006d15600000)]
  0x000002428f2d8d40 JavaThread "Notification Thread" daemon [_thread_blocked, id=7296, stack(0x0000006d15600000,0x0000006d15700000)]
  0x000002428fb27f20 JavaThread "Active Thread: Equinox Container: bedfc4c8-eb19-4ebb-955d-a66082d63f6e" [_thread_blocked, id=7680, stack(0x0000006d15800000,0x0000006d15900000)]
  0x000002428f19afb0 JavaThread "Framework Event Dispatcher: Equinox Container: bedfc4c8-eb19-4ebb-955d-a66082d63f6e" daemon [_thread_blocked, id=9804, stack(0x0000006d15d00000,0x0000006d15e00000)]
  0x000002428f4ce8d0 JavaThread "Start Level: Equinox Container: bedfc4c8-eb19-4ebb-955d-a66082d63f6e" daemon [_thread_blocked, id=2596, stack(0x0000006d15e00000,0x0000006d15f00000)]
  0x000002428f19bc90 JavaThread "SCR Component Actor" daemon [_thread_blocked, id=3704, stack(0x0000006d15f00000,0x0000006d16000000)]
  0x000002428f9e9760 JavaThread "Worker-JM" [_thread_blocked, id=4488, stack(0x0000006d16100000,0x0000006d16200000)]
  0x000002429058f2e0 JavaThread "Java indexing" daemon [_thread_blocked, id=8412, stack(0x0000006d16500000,0x0000006d16600000)]
  0x000002429058fc80 JavaThread "JNA Cleaner" daemon [_thread_blocked, id=7340, stack(0x0000006d16600000,0x0000006d16700000)]
  0x0000024290590fc0 JavaThread "pool-2-thread-1" [_thread_blocked, id=9160, stack(0x0000006d16900000,0x0000006d16a00000)]
  0x000002429058e940 JavaThread "pool-1-thread-1" [_thread_blocked, id=2896, stack(0x0000006d16a00000,0x0000006d16b00000)]
  0x0000024292856a20 JavaThread "Bundle File Closer" daemon [_thread_blocked, id=9164, stack(0x0000006d16700000,0x0000006d16800000)]
  0x0000024292853a00 JavaThread "Java Debug Server" daemon [_thread_in_native, id=1720, stack(0x0000006d16800000,0x0000006d16900000)]
  0x0000024292855210 JavaThread "RxSchedulerPurge-1" daemon [_thread_blocked, id=9516, stack(0x0000006d16c00000,0x0000006d16d00000)]
  0x0000024292856ef0 JavaThread "RxCachedWorkerPoolEvictor-1" daemon [_thread_blocked, id=8196, stack(0x0000006d16d00000,0x0000006d16e00000)]
  0x0000024296577c10 JavaThread "Worker-15" [_thread_blocked, id=6968, stack(0x0000006d17500000,0x0000006d17600000)]
  0x00000242965780e0 JavaThread "pool-3-thread-3" [_thread_in_native, id=8944, stack(0x0000006d15c00000,0x0000006d15d00000)]
  0x00000242965738b0 JavaThread "process reaper" daemon [_thread_in_native, id=12568, stack(0x0000006d143e0000,0x0000006d14400000)]
  0x0000024296573d80 JavaThread "RxNewThreadScheduler-17" daemon [_thread_blocked, id=9308, stack(0x0000006d16400000,0x0000006d16500000)]
  0x0000024296576da0 JavaThread "ForkJoinPool.commonPool-worker-78" daemon [_thread_blocked, id=12932, stack(0x0000006d14800000,0x0000006d14900000)]
  0x0000024296579420 JavaThread "ForkJoinPool.commonPool-worker-79" daemon [_thread_blocked, id=7404, stack(0x0000006d16000000,0x0000006d16100000)]
  0x0000024296577270 JavaThread "ForkJoinPool.commonPool-worker-80" daemon [_thread_blocked, id=9704, stack(0x0000006d16200000,0x0000006d16300000)]
  0x000002429657ac30 JavaThread "ForkJoinPool.commonPool-worker-81" daemon [_thread_blocked, id=11708, stack(0x0000006d16300000,0x0000006d16400000)]
  0x0000024296574250 JavaThread "ForkJoinPool.commonPool-worker-82" daemon [_thread_blocked, id=5548, stack(0x0000006d16b00000,0x0000006d16c00000)]
  0x0000024296574bf0 JavaThread "Worker-22" [_thread_blocked, id=10452, stack(0x0000006d16e00000,0x0000006d16f00000)]
  0x0000024292859570 JavaThread "ForkJoinPool.commonPool-worker-83" daemon [_thread_blocked, id=1996, stack(0x0000006d16f00000,0x0000006d17000000)]
  0x0000024292853ed0 JavaThread "ForkJoinPool.commonPool-worker-84" daemon [_thread_blocked, id=6292, stack(0x0000006d17000000,0x0000006d17100000)]
  0x00000242928543a0 JavaThread "ForkJoinPool.commonPool-worker-85" daemon [_thread_blocked, id=1128, stack(0x0000006d17100000,0x0000006d17200000)]
  0x0000024290590620 JavaThread "ForkJoinPool.commonPool-worker-86" daemon [_thread_blocked, id=12516, stack(0x0000006d17200000,0x0000006d17300000)]
  0x000002429058dfa0 JavaThread "ForkJoinPool.commonPool-worker-87" daemon [_thread_blocked, id=5472, stack(0x0000006d17300000,0x0000006d17400000)]
  0x0000024290ee7b90 JavaThread "ForkJoinPool.commonPool-worker-88" daemon [_thread_blocked, id=5368, stack(0x0000006d17400000,0x0000006d17500000)]
  0x0000024290ee6d20 JavaThread "ForkJoinPool.commonPool-worker-89" daemon [_thread_blocked, id=5156, stack(0x0000006d17600000,0x0000006d17700000)]
  0x0000024290eeb550 JavaThread "ForkJoinPool.commonPool-worker-90" daemon [_thread_blocked, id=2604, stack(0x0000006d17700000,0x0000006d17800000)]
  0x0000024290ee71f0 JavaThread "ForkJoinPool.commonPool-worker-91" daemon [_thread_blocked, id=12628, stack(0x0000006d17800000,0x0000006d17900000)]
  0x0000024290ee9870 JavaThread "ForkJoinPool.commonPool-worker-92" daemon [_thread_blocked, id=3096, stack(0x0000006d17900000,0x0000006d17a00000)]
  0x0000024290eeba20 JavaThread "ForkJoinPool.commonPool-worker-93" daemon [_thread_blocked, id=3660, stack(0x0000006d17a00000,0x0000006d17b00000)]
  0x0000024290eeabb0 JavaThread "ForkJoinPool.commonPool-worker-94" daemon [_thread_blocked, id=9868, stack(0x0000006d17b00000,0x0000006d17c00000)]
  0x0000024290eeb080 JavaThread "ForkJoinPool.commonPool-worker-95" daemon [_thread_blocked, id=4900, stack(0x0000006d17c00000,0x0000006d17d00000)]
  0x0000024290ee5eb0 JavaThread "Worker-23" [_thread_blocked, id=6020, stack(0x0000006d14700000,0x0000006d14800000)]
  0x0000024290ee6380 JavaThread "Worker-24: Publish Diagnostics" [_thread_blocked, id=12468, stack(0x0000006d17d00000,0x0000006d17e00000)]
  0x0000024290eed700 JavaThread "pool-1-thread-12" [_thread_blocked, id=10040, stack(0x0000006d17f00000,0x0000006d18000000)]

Other Threads:
  0x00000242fe3c3c30 VMThread "VM Thread" [stack: 0x0000006d14b00000,0x0000006d14c00000] [id=2780]
  0x000002428f2d9940 WatcherThread [stack: 0x0000006d15700000,0x0000006d15800000] [id=4864]
=>0x00000242f95d4f10 GCTaskThread "GC Thread#0" [stack: 0x0000006d14a00000,0x0000006d14b00000] [id=3024]
  0x000002428f757ac0 GCTaskThread "GC Thread#1" [stack: 0x0000006d15900000,0x0000006d15a00000] [id=11044]
  0x000002428f757d70 GCTaskThread "GC Thread#2" [stack: 0x0000006d15a00000,0x0000006d15b00000] [id=5312]
  0x00000242904510b0 GCTaskThread "GC Thread#3" [stack: 0x0000006d15b00000,0x0000006d15c00000] [id=1196]

Threads with active compile tasks:

VM state: at safepoint (normal execution)

VM Mutex/Monitor currently owned by a thread:  ([mutex/lock_event])
[0x00000242f95bb7b0] Threads_lock - owner thread: 0x00000242fe3c3c30
[0x00000242f95bc650] Heap_lock - owner thread: 0x0000024290ee6380

Heap address: 0x00000000c0000000, size: 1024 MB, Compressed Oops mode: 32-bit

CDS archive(s) not mapped
Compressed class space mapped at: 0x0000000100000000-0x0000000140000000, reserved size: 1073741824
Narrow klass base: 0x0000000000000000, Narrow klass shift: 3, Narrow klass range: 0x140000000

GC Precious Log:
 CPUs: 4 total, 4 available
 Memory: 7992M
 Large Page Support: Disabled
 NUMA Support: Disabled
 Compressed Oops: Enabled (32-bit)
 Alignments: Space 512K, Generation 512K, Heap 2M
 Heap Min Capacity: 100M
 Heap Initial Capacity: 100M
 Heap Max Capacity: 1G
 Pre-touch: Disabled
 Parallel Workers: 4

Heap:
 PSYoungGen      total 6144K, used 6003K [0x00000000eab00000, 0x00000000eb300000, 0x0000000100000000)
  eden space 4096K, 99% used [0x00000000eab00000,0x00000000eaefffb8,0x00000000eaf00000)
  from space 2048K, 93% used [0x00000000eaf00000,0x00000000eb0dcd10,0x00000000eb100000)
  to   space 2048K, 99% used [0x00000000eb100000,0x00000000eb2fcd10,0x00000000eb300000)
 ParOldGen       total 139264K, used 107331K [0x00000000c0000000, 0x00000000c8800000, 0x00000000eab00000)
  object space 139264K, 77% used [0x00000000c0000000,0x00000000c68d0ed0,0x00000000c8800000)
 Metaspace       used 94266K, committed 95488K, reserved 1138688K
  class space    used 9531K, committed 10112K, reserved 1048576K

Card table byte_map: [0x00000242f8f70000,0x00000242f9180000] _byte_map_base: 0x00000242f8970000

Marking Bits: (ParMarkBitMap*) 0x00007ff93fcd0dd0
 Begin Bits: [0x00000242fc250000, 0x00000242fd250000)
 End Bits:   [0x00000242fd250000, 0x00000242fe250000)

Polling page: 0x00000242f75a0000

Metaspace:

Usage:
  Non-class:     82.75 MB used.
      Class:      9.31 MB used.
       Both:     92.06 MB used.

Virtual space:
  Non-class space:       88.00 MB reserved,      83.38 MB ( 95%) committed,  11 nodes.
      Class space:        1.00 GB reserved,       9.88 MB ( <1%) committed,  1 nodes.
             Both:        1.09 GB reserved,      93.25 MB (  8%) committed. 

Chunk freelists:
   Non-Class:  272.00 KB
       Class:  2.12 MB
        Both:  2.39 MB

MaxMetaspaceSize: unlimited
CompressedClassSpaceSize: 1.00 GB
Initial GC threshold: 21.00 MB
Current GC threshold: 155.12 MB
CDS: off
MetaspaceReclaimPolicy: balanced
 - commit_granule_bytes: 65536.
 - commit_granule_words: 8192.
 - virtual_space_node_default_size: 1048576.
 - enlarge_chunks_in_place: 1.
 - new_chunks_are_fully_committed: 0.
 - uncommit_free_chunks: 1.
 - use_allocation_guard: 0.
 - handle_deallocations: 1.


Internal statistics:

num_allocs_failed_limit: 9.
num_arena_births: 1180.
num_arena_deaths: 450.
num_vsnodes_births: 12.
num_vsnodes_deaths: 0.
num_space_committed: 1493.
num_space_uncommitted: 1.
num_chunks_returned_to_freelist: 601.
num_chunks_taken_from_freelist: 5425.
num_chunk_merges: 234.
num_chunk_splits: 3127.
num_chunks_enlarged: 1678.
num_purges: 14.
num_inconsistent_stats: 0.

CodeHeap 'non-profiled nmethods': size=120000Kb used=23181Kb max_used=23181Kb free=96818Kb
 bounds [0x0000024287ad0000, 0x0000024289190000, 0x000002428f000000]
CodeHeap 'profiled nmethods': size=120000Kb used=37464Kb max_used=37717Kb free=82535Kb
 bounds [0x00000242805a0000, 0x0000024282a90000, 0x0000024287ad0000]
CodeHeap 'non-nmethods': size=5760Kb used=1449Kb max_used=1567Kb free=4310Kb
 bounds [0x0000024280000000, 0x0000024280270000, 0x00000242805a0000]
 total_blobs=19001 nmethods=18205 adapters=706
 compilation: enabled
              stopped_count=0, restarted_count=0
 full_count=0

Compilation events (20 events):
Event: 13831.785 Thread 0x00000242fe44dcc0 nmethod 25366 0x000002428206e210 code [0x000002428206e3c0, 0x000002428206e588]
Event: 13831.785 Thread 0x00000242fe44dcc0 25367       3       org.eclipse.jdt.internal.corext.dom.GenericVisitor::endVisit (6 bytes)
Event: 13831.785 Thread 0x00000242fe44dcc0 nmethod 25367 0x0000024281eb1210 code [0x0000024281eb13a0, 0x0000024281eb1578]
Event: 13831.791 Thread 0x00000242fe40c330 nmethod 25361 0x0000024289087410 code [0x0000024289087600, 0x0000024289087ea8]
Event: 13831.791 Thread 0x00000242fe40c330 25365       4       org.eclipse.jdt.core.dom.TypeBinding::getName (510 bytes)
Event: 13831.890 Thread 0x00000242fe40c330 nmethod 25365 0x00000242890ad790 code [0x00000242890adc00, 0x00000242890b1290]
Event: 13831.890 Thread 0x00000242fe40c330 25362       4       org.eclipse.jdt.internal.corext.dom.GenericVisitor::endVisit (6 bytes)
Event: 13831.891 Thread 0x00000242fe40c330 nmethod 25362 0x00000242890ad490 code [0x00000242890ad600, 0x00000242890ad678]
Event: 13831.891 Thread 0x00000242fe40c330 25363       4       org.eclipse.jdt.core.manipulation.ImportReferencesCollector::visit (195 bytes)
Event: 13831.895 Thread 0x00000242fe40c330 nmethod 25363 0x0000024289086690 code [0x0000024289086840, 0x0000024289086f98]
Event: 13831.910 Thread 0x00000242fe44dcc0 25368   !   3       org.eclipse.jdt.internal.compiler.parser.Scanner::getNextToken0 (2562 bytes)
Event: 13831.923 Thread 0x00000242fe44dcc0 nmethod 25368 0x0000024282920410 code [0x0000024282920ea0, 0x00000242829278c8]
Event: 13832.010 Thread 0x00000242fe40c330 25369       4       org.eclipse.jdt.internal.compiler.lookup.LookupEnvironment::buildTypeBindings (176 bytes)
Event: 13832.038 Thread 0x00000242fe40c330 nmethod 25369 0x0000024288648610 code [0x0000024288648840, 0x0000024288649978]
Event: 13832.038 Thread 0x00000242fe40c330 25371   !   4       org.eclipse.jdt.core.dom.DefaultCommentMapper::storeTrailingComments (793 bytes)
Event: 13832.127 Thread 0x00000242fe40c330 nmethod 25371 0x0000024288643d10 code [0x0000024288643fe0, 0x0000024288646a60]
Event: 13832.127 Thread 0x00000242fe40c330 25370       4       org.eclipse.jdt.internal.compiler.lookup.CompilationUnitScope::<init> (163 bytes)
Event: 13832.138 Thread 0x00000242fe40c330 nmethod 25370 0x0000024288f97810 code [0x0000024288f97a00, 0x0000024288f98598]
Event: 13832.329 Thread 0x00000242fe40c330 25372       4       org.eclipse.jdt.internal.compiler.parser.Scanner::resetTo (11 bytes)
Event: 13832.335 Thread 0x00000242fe40c330 nmethod 25372 0x00000242890acb10 code [0x00000242890acca0, 0x00000242890acef8]

GC Heap History (20 events):
Event: 13823.793 GC heap after
{Heap after GC invocations=5793 (full 114):
 PSYoungGen      total 5632K, used 180K [0x00000000eab00000, 0x00000000eb180000, 0x0000000100000000)
  eden space 5120K, 0% used [0x00000000eab00000,0x00000000eab00000,0x00000000eb000000)
  from space 512K, 35% used [0x00000000eb100000,0x00000000eb12d200,0x00000000eb180000)
  to   space 512K, 0% used [0x00000000eb000000,0x00000000eb000000,0x00000000eb080000)
 ParOldGen       total 139264K, used 106793K [0x00000000c0000000, 0x00000000c8800000, 0x00000000eab00000)
  object space 139264K, 76% used [0x00000000c0000000,0x00000000c684a5b0,0x00000000c8800000)
 Metaspace       used 94265K, committed 95488K, reserved 1138688K
  class space    used 9531K, committed 10112K, reserved 1048576K
}
Event: 13823.805 GC heap before
{Heap before GC invocations=5794 (full 114):
 PSYoungGen      total 5632K, used 5300K [0x00000000eab00000, 0x00000000eb180000, 0x0000000100000000)
  eden space 5120K, 100% used [0x00000000eab00000,0x00000000eb000000,0x00000000eb000000)
  from space 512K, 35% used [0x00000000eb100000,0x00000000eb12d200,0x00000000eb180000)
  to   space 512K, 0% used [0x00000000eb000000,0x00000000eb000000,0x00000000eb080000)
 ParOldGen       total 139264K, used 106793K [0x00000000c0000000, 0x00000000c8800000, 0x00000000eab00000)
  object space 139264K, 76% used [0x00000000c0000000,0x00000000c684a5b0,0x00000000c8800000)
 Metaspace       used 94265K, committed 95488K, reserved 1138688K
  class space    used 9531K, committed 10112K, reserved 1048576K
}
Event: 13823.806 GC heap after
{Heap after GC invocations=5794 (full 114):
 PSYoungGen      total 5632K, used 128K [0x00000000eab00000, 0x00000000eb180000, 0x0000000100000000)
  eden space 5120K, 0% used [0x00000000eab00000,0x00000000eab00000,0x00000000eb000000)
  from space 512K, 25% used [0x00000000eb000000,0x00000000eb020000,0x00000000eb080000)
  to   space 512K, 0% used [0x00000000eb100000,0x00000000eb100000,0x00000000eb180000)
 ParOldGen       total 139264K, used 106793K [0x00000000c0000000, 0x00000000c8800000, 0x00000000eab00000)
  object space 139264K, 76% used [0x00000000c0000000,0x00000000c684a5b0,0x00000000c8800000)
 Metaspace       used 94265K, committed 95488K, reserved 1138688K
  class space    used 9531K, committed 10112K, reserved 1048576K
}
Event: 13831.277 GC heap before
{Heap before GC invocations=5795 (full 114):
 PSYoungGen      total 5632K, used 5248K [0x00000000eab00000, 0x00000000eb180000, 0x0000000100000000)
  eden space 5120K, 100% used [0x00000000eab00000,0x00000000eb000000,0x00000000eb000000)
  from space 512K, 25% used [0x00000000eb000000,0x00000000eb020000,0x00000000eb080000)
  to   space 512K, 0% used [0x00000000eb100000,0x00000000eb100000,0x00000000eb180000)
 ParOldGen       total 139264K, used 106793K [0x00000000c0000000, 0x00000000c8800000, 0x00000000eab00000)
  object space 139264K, 76% used [0x00000000c0000000,0x00000000c684a5b0,0x00000000c8800000)
 Metaspace       used 94265K, committed 95488K, reserved 1138688K
  class space    used 9531K, committed 10112K, reserved 1048576K
}
Event: 13831.279 GC heap after
{Heap after GC invocations=5795 (full 114):
 PSYoungGen      total 5632K, used 458K [0x00000000eab00000, 0x00000000eb200000, 0x0000000100000000)
  eden space 5120K, 0% used [0x00000000eab00000,0x00000000eab00000,0x00000000eb000000)
  from space 512K, 89% used [0x00000000eb100000,0x00000000eb172910,0x00000000eb180000)
  to   space 1024K, 0% used [0x00000000eb000000,0x00000000eb000000,0x00000000eb100000)
 ParOldGen       total 139264K, used 106793K [0x00000000c0000000, 0x00000000c8800000, 0x00000000eab00000)
  object space 139264K, 76% used [0x00000000c0000000,0x00000000c684a5b0,0x00000000c8800000)
 Metaspace       used 94265K, committed 95488K, reserved 1138688K
  class space    used 9531K, committed 10112K, reserved 1048576K
}
Event: 13831.318 GC heap before
{Heap before GC invocations=5796 (full 114):
 PSYoungGen      total 5632K, used 5578K [0x00000000eab00000, 0x00000000eb200000, 0x0000000100000000)
  eden space 5120K, 100% used [0x00000000eab00000,0x00000000eb000000,0x00000000eb000000)
  from space 512K, 89% used [0x00000000eb100000,0x00000000eb172910,0x00000000eb180000)
  to   space 1024K, 0% used [0x00000000eb000000,0x00000000eb000000,0x00000000eb100000)
 ParOldGen       total 139264K, used 106793K [0x00000000c0000000, 0x00000000c8800000, 0x00000000eab00000)
  object space 139264K, 76% used [0x00000000c0000000,0x00000000c684a5b0,0x00000000c8800000)
 Metaspace       used 94265K, committed 95488K, reserved 1138688K
  class space    used 9531K, committed 10112K, reserved 1048576K
}
Event: 13831.320 GC heap after
{Heap after GC invocations=5796 (full 114):
 PSYoungGen      total 6144K, used 798K [0x00000000eab00000, 0x00000000eb200000, 0x0000000100000000)
  eden space 5120K, 0% used [0x00000000eab00000,0x00000000eab00000,0x00000000eb000000)
  from space 1024K, 78% used [0x00000000eb000000,0x00000000eb0c7b10,0x00000000eb100000)
  to   space 1024K, 0% used [0x00000000eb100000,0x00000000eb100000,0x00000000eb200000)
 ParOldGen       total 139264K, used 106793K [0x00000000c0000000, 0x00000000c8800000, 0x00000000eab00000)
  object space 139264K, 76% used [0x00000000c0000000,0x00000000c684a5b0,0x00000000c8800000)
 Metaspace       used 94265K, committed 95488K, reserved 1138688K
  class space    used 9531K, committed 10112K, reserved 1048576K
}
Event: 13831.368 GC heap before
{Heap before GC invocations=5797 (full 114):
 PSYoungGen      total 6144K, used 5918K [0x00000000eab00000, 0x00000000eb200000, 0x0000000100000000)
  eden space 5120K, 100% used [0x00000000eab00000,0x00000000eb000000,0x00000000eb000000)
  from space 1024K, 78% used [0x00000000eb000000,0x00000000eb0c7b10,0x00000000eb100000)
  to   space 1024K, 0% used [0x00000000eb100000,0x00000000eb100000,0x00000000eb200000)
 ParOldGen       total 139264K, used 106793K [0x00000000c0000000, 0x00000000c8800000, 0x00000000eab00000)
  object space 139264K, 76% used [0x00000000c0000000,0x00000000c684a5b0,0x00000000c8800000)
 Metaspace       used 94265K, committed 95488K, reserved 1138688K
  class space    used 9531K, committed 10112K, reserved 1048576K
}
Event: 13831.370 GC heap after
{Heap after GC invocations=5797 (full 114):
 PSYoungGen      total 6144K, used 862K [0x00000000eab00000, 0x00000000eb200000, 0x0000000100000000)
  eden space 5120K, 0% used [0x00000000eab00000,0x00000000eab00000,0x00000000eb000000)
  from space 1024K, 84% used [0x00000000eb100000,0x00000000eb1d7b10,0x00000000eb200000)
  to   space 1024K, 0% used [0x00000000eb000000,0x00000000eb000000,0x00000000eb100000)
 ParOldGen       total 139264K, used 106817K [0x00000000c0000000, 0x00000000c8800000, 0x00000000eab00000)
  object space 139264K, 76% used [0x00000000c0000000,0x00000000c68505b0,0x00000000c8800000)
 Metaspace       used 94265K, committed 95488K, reserved 1138688K
  class space    used 9531K, committed 10112K, reserved 1048576K
}
Event: 13831.754 GC heap before
{Heap before GC invocations=5798 (full 114):
 PSYoungGen      total 6144K, used 5982K [0x00000000eab00000, 0x00000000eb200000, 0x0000000100000000)
  eden space 5120K, 100% used [0x00000000eab00000,0x00000000eb000000,0x00000000eb000000)
  from space 1024K, 84% used [0x00000000eb100000,0x00000000eb1d7b10,0x00000000eb200000)
  to   space 1024K, 0% used [0x00000000eb000000,0x00000000eb000000,0x00000000eb100000)
 ParOldGen       total 139264K, used 106817K [0x00000000c0000000, 0x00000000c8800000, 0x00000000eab00000)
  object space 139264K, 76% used [0x00000000c0000000,0x00000000c68505b0,0x00000000c8800000)
 Metaspace       used 94265K, committed 95488K, reserved 1138688K
  class space    used 9531K, committed 10112K, reserved 1048576K
}
Event: 13831.755 GC heap after
{Heap after GC invocations=5798 (full 114):
 PSYoungGen      total 6144K, used 766K [0x00000000eab00000, 0x00000000eb200000, 0x0000000100000000)
  eden space 5120K, 0% used [0x00000000eab00000,0x00000000eab00000,0x00000000eb000000)
  from space 1024K, 74% used [0x00000000eb000000,0x00000000eb0bfb10,0x00000000eb100000)
  to   space 1024K, 0% used [0x00000000eb100000,0x00000000eb100000,0x00000000eb200000)
 ParOldGen       total 139264K, used 106817K [0x00000000c0000000, 0x00000000c8800000, 0x00000000eab00000)
  object space 139264K, 76% used [0x00000000c0000000,0x00000000c68505b0,0x00000000c8800000)
 Metaspace       used 94265K, committed 95488K, reserved 1138688K
  class space    used 9531K, committed 10112K, reserved 1048576K
}
Event: 13831.777 GC heap before
{Heap before GC invocations=5799 (full 114):
 PSYoungGen      total 6144K, used 5886K [0x00000000eab00000, 0x00000000eb200000, 0x0000000100000000)
  eden space 5120K, 100% used [0x00000000eab00000,0x00000000eb000000,0x00000000eb000000)
  from space 1024K, 74% used [0x00000000eb000000,0x00000000eb0bfb10,0x00000000eb100000)
  to   space 1024K, 0% used [0x00000000eb100000,0x00000000eb100000,0x00000000eb200000)
 ParOldGen       total 139264K, used 106817K [0x00000000c0000000, 0x00000000c8800000, 0x00000000eab00000)
  object space 139264K, 76% used [0x00000000c0000000,0x00000000c68505b0,0x00000000c8800000)
 Metaspace       used 94265K, committed 95488K, reserved 1138688K
  class space    used 9531K, committed 10112K, reserved 1048576K
}
Event: 13831.780 GC heap after
{Heap after GC invocations=5799 (full 114):
 PSYoungGen      total 5632K, used 1001K [0x00000000eab00000, 0x00000000eb300000, 0x0000000100000000)
  eden space 4608K, 0% used [0x00000000eab00000,0x00000000eab00000,0x00000000eaf80000)
  from space 1024K, 97% used [0x00000000eb100000,0x00000000eb1fa400,0x00000000eb200000)
  to   space 1536K, 0% used [0x00000000eaf80000,0x00000000eaf80000,0x00000000eb100000)
 ParOldGen       total 139264K, used 107209K [0x00000000c0000000, 0x00000000c8800000, 0x00000000eab00000)
  object space 139264K, 76% used [0x00000000c0000000,0x00000000c68b25b0,0x00000000c8800000)
 Metaspace       used 94265K, committed 95488K, reserved 1138688K
  class space    used 9531K, committed 10112K, reserved 1048576K
}
Event: 13831.796 GC heap before
{Heap before GC invocations=5800 (full 114):
 PSYoungGen      total 5632K, used 5609K [0x00000000eab00000, 0x00000000eb300000, 0x0000000100000000)
  eden space 4608K, 100% used [0x00000000eab00000,0x00000000eaf80000,0x00000000eaf80000)
  from space 1024K, 97% used [0x00000000eb100000,0x00000000eb1fa400,0x00000000eb200000)
  to   space 1536K, 0% used [0x00000000eaf80000,0x00000000eaf80000,0x00000000eb100000)
 ParOldGen       total 139264K, used 107209K [0x00000000c0000000, 0x00000000c8800000, 0x00000000eab00000)
  object space 139264K, 76% used [0x00000000c0000000,0x00000000c68b25b0,0x00000000c8800000)
 Metaspace       used 94266K, committed 95488K, reserved 1138688K
  class space    used 9531K, committed 10112K, reserved 1048576K
}
Event: 13831.798 GC heap after
{Heap after GC invocations=5800 (full 114):
 PSYoungGen      total 6144K, used 1230K [0x00000000eab00000, 0x00000000eb280000, 0x0000000100000000)
  eden space 4608K, 0% used [0x00000000eab00000,0x00000000eab00000,0x00000000eaf80000)
  from space 1536K, 80% used [0x00000000eaf80000,0x00000000eb0b3b00,0x00000000eb100000)
  to   space 1536K, 0% used [0x00000000eb100000,0x00000000eb100000,0x00000000eb280000)
 ParOldGen       total 139264K, used 107217K [0x00000000c0000000, 0x00000000c8800000, 0x00000000eab00000)
  object space 139264K, 76% used [0x00000000c0000000,0x00000000c68b45b0,0x00000000c8800000)
 Metaspace       used 94266K, committed 95488K, reserved 1138688K
  class space    used 9531K, committed 10112K, reserved 1048576K
}
Event: 13831.810 GC heap before
{Heap before GC invocations=5801 (full 114):
 PSYoungGen      total 6144K, used 5793K [0x00000000eab00000, 0x00000000eb280000, 0x0000000100000000)
  eden space 4608K, 99% used [0x00000000eab00000,0x00000000eaf74940,0x00000000eaf80000)
  from space 1536K, 80% used [0x00000000eaf80000,0x00000000eb0b3b00,0x00000000eb100000)
  to   space 1536K, 0% used [0x00000000eb100000,0x00000000eb100000,0x00000000eb280000)
 ParOldGen       total 139264K, used 107217K [0x00000000c0000000, 0x00000000c8800000, 0x00000000eab00000)
  object space 139264K, 76% used [0x00000000c0000000,0x00000000c68b45b0,0x00000000c8800000)
 Metaspace       used 94266K, committed 95488K, reserved 1138688K
  class space    used 9531K, committed 10112K, reserved 1048576K
}
Event: 13831.813 GC heap after
{Heap after GC invocations=5801 (full 114):
 PSYoungGen      total 5632K, used 1534K [0x00000000eab00000, 0x00000000eb380000, 0x0000000100000000)
  eden space 4096K, 0% used [0x00000000eab00000,0x00000000eab00000,0x00000000eaf00000)
  from space 1536K, 99% used [0x00000000eb100000,0x00000000eb27fb10,0x00000000eb280000)
  to   space 2048K, 0% used [0x00000000eaf00000,0x00000000eaf00000,0x00000000eb100000)
 ParOldGen       total 139264K, used 107241K [0x00000000c0000000, 0x00000000c8800000, 0x00000000eab00000)
  object space 139264K, 77% used [0x00000000c0000000,0x00000000c68ba5b0,0x00000000c8800000)
 Metaspace       used 94266K, committed 95488K, reserved 1138688K
  class space    used 9531K, committed 10112K, reserved 1048576K
}
Event: 13832.012 GC heap before
{Heap before GC invocations=5802 (full 114):
 PSYoungGen      total 5632K, used 5630K [0x00000000eab00000, 0x00000000eb380000, 0x0000000100000000)
  eden space 4096K, 100% used [0x00000000eab00000,0x00000000eaf00000,0x00000000eaf00000)
  from space 1536K, 99% used [0x00000000eb100000,0x00000000eb27fb10,0x00000000eb280000)
  to   space 2048K, 0% used [0x00000000eaf00000,0x00000000eaf00000,0x00000000eb100000)
 ParOldGen       total 139264K, used 107241K [0x00000000c0000000, 0x00000000c8800000, 0x00000000eab00000)
  object space 139264K, 77% used [0x00000000c0000000,0x00000000c68ba5b0,0x00000000c8800000)
 Metaspace       used 94266K, committed 95488K, reserved 1138688K
  class space    used 9531K, committed 10112K, reserved 1048576K
}
Event: 13832.014 GC heap after
{Heap after GC invocations=5802 (full 114):
 PSYoungGen      total 6144K, used 1907K [0x00000000eab00000, 0x00000000eb300000, 0x0000000100000000)
  eden space 4096K, 0% used [0x00000000eab00000,0x00000000eab00000,0x00000000eaf00000)
  from space 2048K, 93% used [0x00000000eaf00000,0x00000000eb0dcd10,0x00000000eb100000)
  to   space 2048K, 0% used [0x00000000eb100000,0x00000000eb100000,0x00000000eb300000)
 ParOldGen       total 139264K, used 107241K [0x00000000c0000000, 0x00000000c8800000, 0x00000000eab00000)
  object space 139264K, 77% used [0x00000000c0000000,0x00000000c68ba5b0,0x00000000c8800000)
 Metaspace       used 94266K, committed 95488K, reserved 1138688K
  class space    used 9531K, committed 10112K, reserved 1048576K
}
Event: 13832.598 GC heap before
{Heap before GC invocations=5803 (full 114):
 PSYoungGen      total 6144K, used 6003K [0x00000000eab00000, 0x00000000eb300000, 0x0000000100000000)
  eden space 4096K, 99% used [0x00000000eab00000,0x00000000eaefffb8,0x00000000eaf00000)
  from space 2048K, 93% used [0x00000000eaf00000,0x00000000eb0dcd10,0x00000000eb100000)
  to   space 2048K, 0% used [0x00000000eb100000,0x00000000eb100000,0x00000000eb300000)
 ParOldGen       total 139264K, used 107241K [0x00000000c0000000, 0x00000000c8800000, 0x00000000eab00000)
  object space 139264K, 77% used [0x00000000c0000000,0x00000000c68ba5b0,0x00000000c8800000)
 Metaspace       used 94266K, committed 95488K, reserved 1138688K
  class space    used 9531K, committed 10112K, reserved 1048576K
}

Dll operation events (11 events):
Event: 0.010 Loaded shared library c:\Users\Lenovo\.vscode\extensions\redhat.java-1.14.0-win32-x64\jre\17.0.5-win32-x86_64\bin\java.dll
Event: 0.535 Loaded shared library c:\Users\Lenovo\.vscode\extensions\redhat.java-1.14.0-win32-x64\jre\17.0.5-win32-x86_64\bin\zip.dll
Event: 0.539 Loaded shared library C:\Users\Lenovo\.vscode\extensions\redhat.java-1.14.0-win32-x64\jre\17.0.5-win32-x86_64\bin\instrument.dll
Event: 0.564 Loaded shared library C:\Users\Lenovo\.vscode\extensions\redhat.java-1.14.0-win32-x64\jre\17.0.5-win32-x86_64\bin\net.dll
Event: 0.568 Loaded shared library C:\Users\Lenovo\.vscode\extensions\redhat.java-1.14.0-win32-x64\jre\17.0.5-win32-x86_64\bin\nio.dll
Event: 0.578 Loaded shared library C:\Users\Lenovo\.vscode\extensions\redhat.java-1.14.0-win32-x64\jre\17.0.5-win32-x86_64\bin\zip.dll
Event: 0.609 Loaded shared library C:\Users\Lenovo\.vscode\extensions\redhat.java-1.14.0-win32-x64\jre\17.0.5-win32-x86_64\bin\jimage.dll
Event: 0.718 Loaded shared library c:\Users\Lenovo\.vscode\extensions\redhat.java-1.14.0-win32-x64\jre\17.0.5-win32-x86_64\bin\verify.dll
Event: 6.931 Loaded shared library C:\Users\Lenovo\AppData\Roaming\Code\User\globalStorage\redhat.java\1.14.0\config_win\org.eclipse.equinox.launcher\org.eclipse.equinox.launcher.win32.win32.x86_64_1.2.700.v20221108-1024\eclipse_11801.dll
Event: 12.292 Loaded shared library C:\Users\Lenovo\AppData\Local\Temp\jna--2022488749\jna4103337611344460992.dll
Event: 15.538 Loaded shared library C:\Users\Lenovo\.vscode\extensions\redhat.java-1.14.0-win32-x64\jre\17.0.5-win32-x86_64\bin\sunmscapi.dll

Deoptimization events (20 events):
Event: 13787.156 Thread 0x0000024290ee5eb0 DEOPT PACKING pc=0x0000024288aa6214 sp=0x0000006d147fe8a0
Event: 13787.156 Thread 0x0000024290ee5eb0 DEOPT UNPACKING pc=0x00000242800520a3 sp=0x0000006d147fe820 mode 2
Event: 13789.679 Thread 0x0000024290eeb080 Uncommon trap: trap_request=0xffffff45 fr.pc=0x0000024289097940 relative=0x0000000000002940
Event: 13789.679 Thread 0x0000024290eeb080 Uncommon trap: reason=unstable_if action=reinterpret pc=0x0000024289097940 method=org.eclipse.jdt.core.dom.TypeBinding.isCapture()Z @ 7 c2
Event: 13789.679 Thread 0x0000024290eeb080 DEOPT PACKING pc=0x0000024289097940 sp=0x0000006d17cfe600
Event: 13789.679 Thread 0x0000024290eeb080 DEOPT UNPACKING pc=0x00000242800520a3 sp=0x0000006d17cfe558 mode 2
Event: 13797.942 Thread 0x0000024290eeb080 DEOPT PACKING pc=0x00000242824d6f68 sp=0x0000006d17cfdf40
Event: 13797.942 Thread 0x0000024290eeb080 DEOPT UNPACKING pc=0x0000024280052843 sp=0x0000006d17cfd448 mode 0
Event: 13831.743 Thread 0x0000024296577c10 Uncommon trap: trap_request=0xffffff45 fr.pc=0x0000024288a15074 relative=0x0000000000001ed4
Event: 13831.743 Thread 0x0000024296577c10 Uncommon trap: reason=unstable_if action=reinterpret pc=0x0000024288a15074 method=org.eclipse.jdt.internal.compiler.parser.Parser.consumeEnterVariable()V @ 697 c2
Event: 13831.743 Thread 0x0000024296577c10 DEOPT PACKING pc=0x0000024288a15074 sp=0x0000006d175fe7b0
Event: 13831.743 Thread 0x0000024296577c10 DEOPT UNPACKING pc=0x00000242800520a3 sp=0x0000006d175fe760 mode 2
Event: 13831.758 Thread 0x0000024290eeb080 Uncommon trap: trap_request=0xffffffc6 fr.pc=0x000002428863d4ec relative=0x0000000000002fac
Event: 13831.758 Thread 0x0000024290eeb080 Uncommon trap: reason=bimorphic_or_optimized_type_check action=maybe_recompile pc=0x000002428863d4ec method=org.eclipse.jdt.internal.compiler.parser.Scanner.getNextToken0()I @ 2064 c2
Event: 13831.758 Thread 0x0000024290eeb080 DEOPT PACKING pc=0x000002428863d4ec sp=0x0000006d17cfda70
Event: 13831.758 Thread 0x0000024290eeb080 DEOPT UNPACKING pc=0x00000242800520a3 sp=0x0000006d17cfda18 mode 2
Event: 13831.759 Thread 0x0000024290eeb080 Uncommon trap: trap_request=0xffffffde fr.pc=0x0000024288aa6214 relative=0x0000000000001cd4
Event: 13831.759 Thread 0x0000024290eeb080 Uncommon trap: reason=class_check action=maybe_recompile pc=0x0000024288aa6214 method=org.eclipse.jdt.core.dom.DefaultCommentMapper.storeTrailingComments(Lorg/eclipse/jdt/core/dom/ASTNode;IZ[I)I @ 265 c2
Event: 13831.759 Thread 0x0000024290eeb080 DEOPT PACKING pc=0x0000024288aa6214 sp=0x0000006d17cfddc0
Event: 13831.759 Thread 0x0000024290eeb080 DEOPT UNPACKING pc=0x00000242800520a3 sp=0x0000006d17cfdd40 mode 2

Classes unloaded (20 events):
Event: 13389.074 Thread 0x00000242fe3c3c30 Unloading class 0x000000010099cc00 'jdk/internal/reflect/GeneratedSerializationConstructorAccessor49'
Event: 13389.074 Thread 0x00000242fe3c3c30 Unloading class 0x000000010099c800 'jdk/internal/reflect/GeneratedSerializationConstructorAccessor48'
Event: 13389.074 Thread 0x00000242fe3c3c30 Unloading class 0x000000010099c400 'jdk/internal/reflect/GeneratedSerializationConstructorAccessor47'
Event: 13389.074 Thread 0x00000242fe3c3c30 Unloading class 0x000000010099c000 'jdk/internal/reflect/GeneratedSerializationConstructorAccessor46'
Event: 13389.074 Thread 0x00000242fe3c3c30 Unloading class 0x000000010099bc00 'jdk/internal/reflect/GeneratedSerializationConstructorAccessor45'
Event: 13389.074 Thread 0x00000242fe3c3c30 Unloading class 0x000000010099b800 'jdk/internal/reflect/GeneratedSerializationConstructorAccessor44'
Event: 13389.074 Thread 0x00000242fe3c3c30 Unloading class 0x000000010099b400 'jdk/internal/reflect/GeneratedMethodAccessor50'
Event: 13389.074 Thread 0x00000242fe3c3c30 Unloading class 0x000000010099b000 'jdk/internal/reflect/GeneratedMethodAccessor49'
Event: 13389.074 Thread 0x00000242fe3c3c30 Unloading class 0x000000010099ac00 'jdk/internal/reflect/GeneratedSerializationConstructorAccessor43'
Event: 13389.074 Thread 0x00000242fe3c3c30 Unloading class 0x000000010099a800 'jdk/internal/reflect/GeneratedSerializationConstructorAccessor42'
Event: 13389.074 Thread 0x00000242fe3c3c30 Unloading class 0x000000010099a400 'jdk/internal/reflect/GeneratedSerializationConstructorAccessor41'
Event: 13389.074 Thread 0x00000242fe3c3c30 Unloading class 0x000000010099a000 'jdk/internal/reflect/GeneratedSerializationConstructorAccessor40'
Event: 13389.074 Thread 0x00000242fe3c3c30 Unloading class 0x0000000100999c00 'jdk/internal/reflect/GeneratedSerializationConstructorAccessor39'
Event: 13389.074 Thread 0x00000242fe3c3c30 Unloading class 0x0000000100999800 'jdk/internal/reflect/GeneratedSerializationConstructorAccessor38'
Event: 13389.074 Thread 0x00000242fe3c3c30 Unloading class 0x0000000100999400 'jdk/internal/reflect/GeneratedSerializationConstructorAccessor37'
Event: 13389.074 Thread 0x00000242fe3c3c30 Unloading class 0x0000000100999000 'jdk/internal/reflect/GeneratedSerializationConstructorAccessor36'
Event: 13389.074 Thread 0x00000242fe3c3c30 Unloading class 0x0000000100998c00 'jdk/internal/reflect/GeneratedSerializationConstructorAccessor35'
Event: 13389.074 Thread 0x00000242fe3c3c30 Unloading class 0x0000000100998800 'jdk/internal/reflect/GeneratedSerializationConstructorAccessor34'
Event: 13389.074 Thread 0x00000242fe3c3c30 Unloading class 0x0000000100998400 'jdk/internal/reflect/GeneratedSerializationConstructorAccessor33'
Event: 13389.074 Thread 0x00000242fe3c3c30 Unloading class 0x0000000100998000 'jdk/internal/reflect/GeneratedSerializationConstructorAccessor32'

Classes redefined (0 events):
No events

Internal exceptions (20 events):
Event: 13820.575 Thread 0x0000024290eeb080 Exception <a 'java/lang/ClassNotFoundException'{0x00000000eaff8248}: sun/net/www/protocol/jdt/Handler> (0x00000000eaff8248) 
thrown [s\src\hotspot\share\classfile\systemDictionary.cpp, line 256]
Event: 13820.575 Thread 0x0000024290eeb080 Exception <a 'java/lang/ClassNotFoundException'{0x00000000eaffa720}: sun/net/www/protocol/jdt/Handler> (0x00000000eaffa720) 
thrown [s\src\hotspot\share\classfile\systemDictionary.cpp, line 256]
Event: 13820.575 Thread 0x0000024290eeb080 Exception <a 'java/lang/ClassNotFoundException'{0x00000000eaffcbf8}: sun/net/www/protocol/jdt/Handler> (0x00000000eaffcbf8) 
thrown [s\src\hotspot\share\classfile\systemDictionary.cpp, line 256]
Event: 13821.680 Thread 0x0000024290eeb080 Exception <a 'java/lang/ClassNotFoundException'{0x00000000ead65118}: sun/net/www/protocol/jdt/Handler> (0x00000000ead65118) 
thrown [s\src\hotspot\share\classfile\systemDictionary.cpp, line 256]
Event: 13821.680 Thread 0x0000024290eeb080 Exception <a 'java/lang/ClassNotFoundException'{0x00000000ead69178}: sun/net/www/protocol/jdt/Handler> (0x00000000ead69178) 
thrown [s\src\hotspot\share\classfile\systemDictionary.cpp, line 256]
Event: 13821.680 Thread 0x0000024290eeb080 Exception <a 'java/lang/ClassNotFoundException'{0x00000000ead6b6e0}: sun/net/www/protocol/jdt/Handler> (0x00000000ead6b6e0) 
thrown [s\src\hotspot\share\classfile\systemDictionary.cpp, line 256]
Event: 13821.680 Thread 0x0000024290eeb080 Exception <a 'java/lang/ClassNotFoundException'{0x00000000ead7de10}: sun/net/www/protocol/jdt/Handler> (0x00000000ead7de10) 
thrown [s\src\hotspot\share\classfile\systemDictionary.cpp, line 256]
Event: 13821.680 Thread 0x0000024290eeb080 Exception <a 'java/lang/ClassNotFoundException'{0x00000000ead802e8}: sun/net/www/protocol/jdt/Handler> (0x00000000ead802e8) 
thrown [s\src\hotspot\share\classfile\systemDictionary.cpp, line 256]
Event: 13821.863 Thread 0x0000024290eeb080 Exception <a 'java/lang/ClassNotFoundException'{0x00000000eafe11d0}: sun/net/www/protocol/jdt/Handler> (0x00000000eafe11d0) 
thrown [s\src\hotspot\share\classfile\systemDictionary.cpp, line 256]
Event: 13821.863 Thread 0x0000024290eeb080 Exception <a 'java/lang/ClassNotFoundException'{0x00000000eafe5230}: sun/net/www/protocol/jdt/Handler> (0x00000000eafe5230) 
thrown [s\src\hotspot\share\classfile\systemDictionary.cpp, line 256]
Event: 13821.863 Thread 0x0000024290eeb080 Exception <a 'java/lang/ClassNotFoundException'{0x00000000eafe7798}: sun/net/www/protocol/jdt/Handler> (0x00000000eafe7798) 
thrown [s\src\hotspot\share\classfile\systemDictionary.cpp, line 256]
Event: 13821.863 Thread 0x0000024290eeb080 Exception <a 'java/lang/ClassNotFoundException'{0x00000000eafe9c70}: sun/net/www/protocol/jdt/Handler> (0x00000000eafe9c70) 
thrown [s\src\hotspot\share\classfile\systemDictionary.cpp, line 256]
Event: 13821.863 Thread 0x0000024290eeb080 Exception <a 'java/lang/ClassNotFoundException'{0x00000000eaffc4c0}: sun/net/www/protocol/jdt/Handler> (0x00000000eaffc4c0) 
thrown [s\src\hotspot\share\classfile\systemDictionary.cpp, line 256]
Event: 13823.805 Thread 0x0000024290eeb080 Exception <a 'java/lang/ClassNotFoundException'{0x00000000eaff1228}: sun/net/www/protocol/jdt/Handler> (0x00000000eaff1228) 
thrown [s\src\hotspot\share\classfile\systemDictionary.cpp, line 256]
Event: 13823.805 Thread 0x0000024290eeb080 Exception <a 'java/lang/ClassNotFoundException'{0x00000000eaff5288}: sun/net/www/protocol/jdt/Handler> (0x00000000eaff5288) 
thrown [s\src\hotspot\share\classfile\systemDictionary.cpp, line 256]
Event: 13823.805 Thread 0x0000024290eeb080 Exception <a 'java/lang/ClassNotFoundException'{0x00000000eaff77f0}: sun/net/www/protocol/jdt/Handler> (0x00000000eaff77f0) 
thrown [s\src\hotspot\share\classfile\systemDictionary.cpp, line 256]
Event: 13823.805 Thread 0x0000024290eeb080 Exception <a 'java/lang/ClassNotFoundException'{0x00000000eaff9cc8}: sun/net/www/protocol/jdt/Handler> (0x00000000eaff9cc8) 
thrown [s\src\hotspot\share\classfile\systemDictionary.cpp, line 256]
Event: 13823.805 Thread 0x0000024290eeb080 Exception <a 'java/lang/ClassNotFoundException'{0x00000000eaffc1a0}: sun/net/www/protocol/jdt/Handler> (0x00000000eaffc1a0) 
thrown [s\src\hotspot\share\classfile\systemDictionary.cpp, line 256]
Event: 13831.733 Thread 0x0000024290eeb080 Exception <a 'java/lang/ArrayIndexOutOfBoundsException'{0x00000000ead3e110}> (0x00000000ead3e110) 
thrown [s\src\hotspot\share\runtime\sharedRuntime.cpp, line 628]
Event: 13831.738 Thread 0x0000024290eeb080 Exception <a 'java/lang/ArrayIndexOutOfBoundsException'{0x00000000ead87c00}> (0x00000000ead87c00) 
thrown [s\src\hotspot\share\runtime\sharedRuntime.cpp, line 628]

VM Operations (20 events):
Event: 13823.793 Executing VM operation: ParallelGCFailedAllocation done
Event: 13823.805 Executing VM operation: ParallelGCFailedAllocation
Event: 13823.806 Executing VM operation: ParallelGCFailedAllocation done
Event: 13831.277 Executing VM operation: ParallelGCFailedAllocation
Event: 13831.279 Executing VM operation: ParallelGCFailedAllocation done
Event: 13831.318 Executing VM operation: ParallelGCFailedAllocation
Event: 13831.320 Executing VM operation: ParallelGCFailedAllocation done
Event: 13831.368 Executing VM operation: ParallelGCFailedAllocation
Event: 13831.370 Executing VM operation: ParallelGCFailedAllocation done
Event: 13831.754 Executing VM operation: ParallelGCFailedAllocation
Event: 13831.755 Executing VM operation: ParallelGCFailedAllocation done
Event: 13831.777 Executing VM operation: ParallelGCFailedAllocation
Event: 13831.780 Executing VM operation: ParallelGCFailedAllocation done
Event: 13831.796 Executing VM operation: ParallelGCFailedAllocation
Event: 13831.798 Executing VM operation: ParallelGCFailedAllocation done
Event: 13831.810 Executing VM operation: ParallelGCFailedAllocation
Event: 13831.813 Executing VM operation: ParallelGCFailedAllocation done
Event: 13832.012 Executing VM operation: ParallelGCFailedAllocation
Event: 13832.014 Executing VM operation: ParallelGCFailedAllocation done
Event: 13832.598 Executing VM operation: ParallelGCFailedAllocation

Events (20 events):
Event: 13678.547 Thread 0x00000242fe44ea60 flushing nmethod 0x000002428229fa10
Event: 13678.547 Thread 0x00000242fe44ea60 flushing nmethod 0x00000242822f2d10
Event: 13678.548 Thread 0x00000242fe44ea60 flushing nmethod 0x00000242823a2690
Event: 13678.548 Thread 0x00000242fe44ea60 flushing nmethod 0x00000242823cf110
Event: 13678.549 Thread 0x00000242fe44ea60 flushing nmethod 0x000002428244d810
Event: 13678.549 Thread 0x00000242fe44ea60 flushing nmethod 0x00000242824afb10
Event: 13678.549 Thread 0x00000242fe44ea60 flushing nmethod 0x00000242824d1e90
Event: 13678.551 Thread 0x00000242fe44ea60 flushing nmethod 0x0000024282642d90
Event: 13678.551 Thread 0x00000242fe44ea60 flushing nmethod 0x0000024282645f10
Event: 13678.551 Thread 0x00000242fe44ea60 flushing nmethod 0x000002428265e010
Event: 13678.551 Thread 0x00000242fe44ea60 flushing nmethod 0x0000024282693890
Event: 13678.551 Thread 0x00000242fe44ea60 flushing nmethod 0x00000242826f3610
Event: 13678.552 Thread 0x00000242fe44ea60 flushing nmethod 0x0000024282744a10
Event: 13678.552 Thread 0x00000242fe44ea60 flushing nmethod 0x000002428276aa10
Event: 13678.554 Thread 0x00000242fe44ea60 flushing nmethod 0x00000242829b0310
Event: 13678.994 Thread 0x0000024290eea6e0 Thread added: 0x0000024290eea6e0
Event: 13679.013 Thread 0x0000024290eea6e0 Thread exited: 0x0000024290eea6e0
Event: 13785.099 Thread 0x0000024292770070 Thread added: 0x0000024292770070
Event: 13785.344 Thread 0x0000024292770070 Thread exited: 0x0000024292770070
Event: 13785.624 Thread 0x0000024290eed700 Thread added: 0x0000024290eed700


Dynamic libraries:
0x00007ff6dcd30000 - 0x00007ff6dcd3e000 	c:\Users\Lenovo\.vscode\extensions\redhat.java-1.14.0-win32-x64\jre\17.0.5-win32-x86_64\bin\java.exe
0x00007ff9817b0000 - 0x00007ff9819a8000 	C:\WINDOWS\SYSTEM32\ntdll.dll
0x00007ff980190000 - 0x00007ff98024f000 	C:\WINDOWS\System32\KERNEL32.DLL
0x00007ff97eea0000 - 0x00007ff97f172000 	C:\WINDOWS\System32\KERNELBASE.dll
0x00007ff97f180000 - 0x00007ff97f280000 	C:\WINDOWS\System32\ucrtbase.dll
0x00007ff96d050000 - 0x00007ff96d067000 	c:\Users\Lenovo\.vscode\extensions\redhat.java-1.14.0-win32-x64\jre\17.0.5-win32-x86_64\bin\jli.dll
0x00007ff980280000 - 0x00007ff980421000 	C:\WINDOWS\System32\USER32.dll
0x00007ff97f430000 - 0x00007ff97f452000 	C:\WINDOWS\System32\win32u.dll
0x00007ff980250000 - 0x00007ff98027b000 	C:\WINDOWS\System32\GDI32.dll
0x00007ff97f490000 - 0x00007ff97f59f000 	C:\WINDOWS\System32\gdi32full.dll
0x00007ff97f5f0000 - 0x00007ff97f68d000 	C:\WINDOWS\System32\msvcp_win.dll
0x00007ff968ad0000 - 0x00007ff968ae9000 	c:\Users\Lenovo\.vscode\extensions\redhat.java-1.14.0-win32-x64\jre\17.0.5-win32-x86_64\bin\VCRUNTIME140.dll
0x00007ff96a3a0000 - 0x00007ff96a63a000 	C:\WINDOWS\WinSxS\amd64_microsoft.windows.common-controls_6595b64144ccf1df_6.0.19041.1110_none_60b5254171f9507e\COMCTL32.dll
0x00007ff980550000 - 0x00007ff9805ee000 	C:\WINDOWS\System32\msvcrt.dll
0x00007ff97fff0000 - 0x00007ff980022000 	C:\WINDOWS\System32\IMM32.DLL
0x00007ff96d2b0000 - 0x00007ff96d2bc000 	c:\Users\Lenovo\.vscode\extensions\redhat.java-1.14.0-win32-x64\jre\17.0.5-win32-x86_64\bin\vcruntime140_1.dll
0x00007ff93fda0000 - 0x00007ff93fe31000 	c:\Users\Lenovo\.vscode\extensions\redhat.java-1.14.0-win32-x64\jre\17.0.5-win32-x86_64\bin\msvcp140.dll
0x00007ff93f150000 - 0x00007ff93fd94000 	c:\Users\Lenovo\.vscode\extensions\redhat.java-1.14.0-win32-x64\jre\17.0.5-win32-x86_64\bin\server\jvm.dll
0x00007ff97f920000 - 0x00007ff97f9ce000 	C:\WINDOWS\System32\ADVAPI32.dll
0x00007ff9800e0000 - 0x00007ff98017c000 	C:\WINDOWS\System32\sechost.dll
0x00007ff97f9d0000 - 0x00007ff97faf5000 	C:\WINDOWS\System32\RPCRT4.dll
0x00007ff9670d0000 - 0x00007ff9670d9000 	C:\WINDOWS\SYSTEM32\WSOCK32.dll
0x00007ff9815d0000 - 0x00007ff98163b000 	C:\WINDOWS\System32\WS2_32.dll
0x00007ff978480000 - 0x00007ff9784a7000 	C:\WINDOWS\SYSTEM32\WINMM.dll
0x00007ff96f2c0000 - 0x00007ff96f2ca000 	C:\WINDOWS\SYSTEM32\VERSION.dll
0x00007ff97cd80000 - 0x00007ff97cd92000 	C:\WINDOWS\SYSTEM32\kernel.appcore.dll
0x00007ff966e20000 - 0x00007ff966e2a000 	c:\Users\Lenovo\.vscode\extensions\redhat.java-1.14.0-win32-x64\jre\17.0.5-win32-x86_64\bin\jimage.dll
0x00007ff972550000 - 0x00007ff972734000 	C:\WINDOWS\SYSTEM32\DBGHELP.DLL
0x00007ff972810000 - 0x00007ff972845000 	C:\WINDOWS\SYSTEM32\dbgcore.DLL
0x00007ff97f330000 - 0x00007ff97f3b2000 	C:\WINDOWS\System32\bcryptPrimitives.dll
0x00007ff964c90000 - 0x00007ff964c9e000 	c:\Users\Lenovo\.vscode\extensions\redhat.java-1.14.0-win32-x64\jre\17.0.5-win32-x86_64\bin\instrument.dll
0x00007ff963cf0000 - 0x00007ff963d15000 	c:\Users\Lenovo\.vscode\extensions\redhat.java-1.14.0-win32-x64\jre\17.0.5-win32-x86_64\bin\java.dll
0x00007ff9646c0000 - 0x00007ff9646d8000 	c:\Users\Lenovo\.vscode\extensions\redhat.java-1.14.0-win32-x64\jre\17.0.5-win32-x86_64\bin\zip.dll
0x00007ff980bf0000 - 0x00007ff981334000 	C:\WINDOWS\System32\SHELL32.dll
0x00007ff97cf80000 - 0x00007ff97d712000 	C:\WINDOWS\SYSTEM32\windows.storage.dll
0x00007ff97fc90000 - 0x00007ff97ffe5000 	C:\WINDOWS\System32\combase.dll
0x00007ff97e820000 - 0x00007ff97e850000 	C:\WINDOWS\SYSTEM32\Wldp.dll
0x00007ff97fb20000 - 0x00007ff97fbcd000 	C:\WINDOWS\System32\SHCORE.dll
0x00007ff97f7f0000 - 0x00007ff97f845000 	C:\WINDOWS\System32\shlwapi.dll
0x00007ff97ede0000 - 0x00007ff97edff000 	C:\WINDOWS\SYSTEM32\profapi.dll
0x00007ff963fd0000 - 0x00007ff963fe9000 	C:\Users\Lenovo\.vscode\extensions\redhat.java-1.14.0-win32-x64\jre\17.0.5-win32-x86_64\bin\net.dll
0x00007ff974f80000 - 0x00007ff97508c000 	C:\WINDOWS\SYSTEM32\WINHTTP.dll
0x00007ff97e580000 - 0x00007ff97e5ea000 	C:\WINDOWS\system32\mswsock.dll
0x00007ff963fb0000 - 0x00007ff963fc5000 	C:\Users\Lenovo\.vscode\extensions\redhat.java-1.14.0-win32-x64\jre\17.0.5-win32-x86_64\bin\nio.dll
0x00007ff963f70000 - 0x00007ff963f80000 	c:\Users\Lenovo\.vscode\extensions\redhat.java-1.14.0-win32-x64\jre\17.0.5-win32-x86_64\bin\verify.dll
0x00007ff95d370000 - 0x00007ff95d3ae000 	C:\Users\Lenovo\AppData\Roaming\Code\User\globalStorage\redhat.java\1.14.0\config_win\org.eclipse.equinox.launcher\org.eclipse.equinox.launcher.win32.win32.x86_64_1.2.700.v20221108-1024\eclipse_11801.dll
0x00007ff981640000 - 0x00007ff98176a000 	C:\WINDOWS\System32\ole32.dll
0x00007ff97e780000 - 0x00007ff97e798000 	C:\WINDOWS\SYSTEM32\CRYPTSP.dll
0x00007ff97dea0000 - 0x00007ff97ded4000 	C:\WINDOWS\system32\rsaenh.dll
0x00007ff97f460000 - 0x00007ff97f487000 	C:\WINDOWS\System32\bcrypt.dll
0x00007ff97eda0000 - 0x00007ff97edce000 	C:\WINDOWS\SYSTEM32\USERENV.dll
0x00007ff97e770000 - 0x00007ff97e77c000 	C:\WINDOWS\SYSTEM32\CRYPTBASE.dll
0x00007ff97e270000 - 0x00007ff97e2ab000 	C:\WINDOWS\SYSTEM32\IPHLPAPI.DLL
0x00007ff980660000 - 0x00007ff980668000 	C:\WINDOWS\System32\NSI.dll
0x00007ff976070000 - 0x00007ff976087000 	C:\WINDOWS\SYSTEM32\dhcpcsvc6.DLL
0x00007ff9772d0000 - 0x00007ff9772ed000 	C:\WINDOWS\SYSTEM32\dhcpcsvc.DLL
0x00007ff97e2b0000 - 0x00007ff97e37a000 	C:\WINDOWS\SYSTEM32\DNSAPI.dll
0x00007ff963b60000 - 0x00007ff963ba0000 	C:\Users\Lenovo\AppData\Local\Temp\jna--2022488749\jna4103337611344460992.dll
0x00007ff9805f0000 - 0x00007ff9805f8000 	C:\WINDOWS\System32\PSAPI.DLL
0x00007ff97a950000 - 0x00007ff97a95e000 	C:\Users\Lenovo\.vscode\extensions\redhat.java-1.14.0-win32-x64\jre\17.0.5-win32-x86_64\bin\sunmscapi.dll
0x00007ff97f690000 - 0x00007ff97f7e6000 	C:\WINDOWS\System32\CRYPT32.dll
0x00007ff97e890000 - 0x00007ff97e8b7000 	C:\WINDOWS\SYSTEM32\ncrypt.dll
0x00007ff97e850000 - 0x00007ff97e88b000 	C:\WINDOWS\SYSTEM32\NTASN1.dll
0x00007ff974920000 - 0x00007ff97492a000 	C:\Windows\System32\rasadhlp.dll
0x00007ff974590000 - 0x00007ff974610000 	C:\WINDOWS\System32\fwpuclnt.dll

dbghelp: loaded successfully - version: 4.0.5 - missing functions: none
symbol engine: initialized successfully - sym options: 0x614 - pdb path: .;c:\Users\Lenovo\.vscode\extensions\redhat.java-1.14.0-win32-x64\jre\17.0.5-win32-x86_64\bin;C:\WINDOWS\SYSTEM32;C:\WINDOWS\WinSxS\amd64_microsoft.windows.common-controls_6595b64144ccf1df_6.0.19041.1110_none_60b5254171f9507e;c:\Users\Lenovo\.vscode\extensions\redhat.java-1.14.0-win32-x64\jre\17.0.5-win32-x86_64\bin\server;C:\Users\Lenovo\AppData\Roaming\Code\User\globalStorage\redhat.java\1.14.0\config_win\org.eclipse.equinox.launcher\org.eclipse.equinox.launcher.win32.win32.x86_64_1.2.700.v20221108-1024;C:\Users\Lenovo\AppData\Local\Temp\jna--2022488749

VM Arguments:
jvm_args: --add-modules=ALL-SYSTEM --add-opens=java.base/java.util=ALL-UNNAMED --add-opens=java.base/java.lang=ALL-UNNAMED --add-opens=java.base/sun.nio.fs=ALL-UNNAMED -Declipse.application=org.eclipse.jdt.ls.core.id1 -Dosgi.bundles.defaultStartLevel=4 -Declipse.product=org.eclipse.jdt.ls.core.product -Djava.import.generatesMetadataFilesAtProjectRoot=false -Dfile.encoding=utf8 -XX:+UseParallelGC -XX:GCTimeRatio=4 -XX:AdaptiveSizePolicyWeight=90 -Dsun.zip.disableMemoryMapping=true -Xmx1G -Xms100m -Xlog:disable -javaagent:c:\Users\Lenovo\.vscode\extensions\redhat.java-1.14.0-win32-x64\lombok\lombok-1.18.24.jar -XX:+HeapDumpOnOutOfMemoryError -XX:HeapDumpPath=c:\Users\Lenovo\AppData\Roaming\Code\User\workspaceStorage\b3b50248c85afcd3abc98b7490b45f12\redhat.java 
java_command: c:\Users\Lenovo\.vscode\extensions\redhat.java-1.14.0-win32-x64\server\plugins\org.eclipse.equinox.launcher_1.6.400.v20210924-0641.jar -configuration c:\Users\Lenovo\AppData\Roaming\Code\User\globalStorage\redhat.java\1.14.0\config_win -data c:\Users\Lenovo\AppData\Roaming\Code\User\workspaceStorage\b3b50248c85afcd3abc98b7490b45f12\redhat.java\jdt_ws
java_class_path (initial): c:\Users\Lenovo\.vscode\extensions\redhat.java-1.14.0-win32-x64\server\plugins\org.eclipse.equinox.launcher_1.6.400.v20210924-0641.jar
Launcher Type: SUN_STANDARD

[Global flags]
    uintx AdaptiveSizePolicyWeight                 = 90                                        {product} {command line}
     intx CICompilerCount                          = 3                                         {product} {ergonomic}
    uintx GCTimeRatio                              = 4                                         {product} {command line}
     bool HeapDumpOnOutOfMemoryError               = true                                   {manageable} {command line}
    ccstr HeapDumpPath                             = c:\Users\Lenovo\AppData\Roaming\Code\User\workspaceStorage\b3b50248c85afcd3abc98b7490b45f12\redhat.java         {manageable} {command line}
   size_t InitialHeapSize                          = 104857600                                 {product} {command line}
   size_t MaxHeapSize                              = 1073741824                                {product} {command line}
   size_t MaxNewSize                               = 357564416                                 {product} {ergonomic}
   size_t MinHeapDeltaBytes                        = 524288                                    {product} {ergonomic}
   size_t MinHeapSize                              = 104857600                                 {product} {command line}
   size_t NewSize                                  = 34603008                                  {product} {ergonomic}
    uintx NonNMethodCodeHeapSize                   = 5832780                                {pd product} {ergonomic}
    uintx NonProfiledCodeHeapSize                  = 122912730                              {pd product} {ergonomic}
   size_t OldSize                                  = 70254592                                  {product} {ergonomic}
    uintx ProfiledCodeHeapSize                     = 122912730                              {pd product} {ergonomic}
    uintx ReservedCodeCacheSize                    = 251658240                              {pd product} {ergonomic}
     bool SegmentedCodeCache                       = true                                      {product} {ergonomic}
   size_t SoftMaxHeapSize                          = 1073741824                             {manageable} {ergonomic}
     bool UseCompressedClassPointers               = true                           {product lp64_product} {ergonomic}
     bool UseCompressedOops                        = true                           {product lp64_product} {ergonomic}
     bool UseLargePagesIndividualAllocation        = false                                  {pd product} {ergonomic}
     bool UseParallelGC                            = true                                      {product} {command line}

Logging:
Log output configuration:
 #0: stdout all=off uptime,level,tags
 #1: stderr all=off uptime,level,tags

Environment Variables:
JAVA_HOME=C:\Program Files\Java\jdk1.8.0_112
PATH=C:\Program Files\Common Files\Oracle\Java\javapath;C:\Program Files\Java\jdk1.8.0_112\bin;C:\WINDOWS\system32;C:\WINDOWS;C:\WINDOWS\System32\Wbem;C:\WINDOWS\System32\WindowsPowerShell\v1.0\;C:\WINDOWS\System32\OpenSSH\;C:\Program Files (x86)\MySQL\MySQL Server 5.5\bin;C:\Program Files\Git\cmd;C:\Program Files\nodejs\;C:\Program Files\apache-maven-3.8.7\bin;C:\Users\Lenovo\AppData\Local\Microsoft\WindowsApps;C:\Program Files\Java\jdk1.8.0_112\bin;;C:\Users\Lenovo\AppData\Local\Programs\Microsoft VS Code\bin;C:\Users\Lenovo\AppData\Roaming\npm
USERNAME=Lenovo
OS=Windows_NT
PROCESSOR_IDENTIFIER=Intel64 Family 6 Model 42 Stepping 7, GenuineIntel
TMP=C:\Users\Lenovo\AppData\Local\Temp
TEMP=C:\Users\Lenovo\AppData\Local\Temp



---------------  S Y S T E M  ---------------

OS:
 Windows 10 , 64 bit Build 19041 (10.0.19041.2364)
OS uptime: 0 days 23:33 hours

CPU: total 4 (initial active 4) (2 cores per cpu, 2 threads per core) family 6 model 42 stepping 7 microcode 0x2f, cx8, cmov, fxsr, ht, mmx, sse, sse2, sse3, ssse3, sse4.1, sse4.2, popcnt, tsc, tscinvbit, avx, clmul, vzeroupper, clflush

Memory: 4k page, system-wide physical 7992M (1409M free)
TotalPageFile size 13423M (AvailPageFile size 2776M)
current process WorkingSet (physical memory assigned to process): 398M, peak: 487M
current process commit charge ("private bytes"): 450M, peak: 519M

vm_info: OpenJDK 64-Bit Server VM (17.0.5+8) for windows-amd64 JRE (17.0.5+8), built on Oct 19 2022 04:48:13 by "temurin" with MS VC++ 16.7 (VS2019)

END.
